mode: atomic
github.com/LCUstinian/FG-QiMen/internal/config/port_parser.go:29.48,31.16 2 12
github.com/LCUstinian/FG-QiMen/internal/config/port_parser.go:31.16,33.3 1 1
github.com/LCUstinian/FG-QiMen/internal/config/port_parser.go:36.2,36.19 1 11
github.com/LCUstinian/FG-QiMen/internal/config/port_parser.go:36.19,38.3 1 1
github.com/LCUstinian/FG-QiMen/internal/config/port_parser.go:41.2,45.29 4 10
github.com/LCUstinian/FG-QiMen/internal/config/port_parser.go:45.29,47.17 2 16
github.com/LCUstinian/FG-QiMen/internal/config/port_parser.go:47.17,48.12 1 0
github.com/LCUstinian/FG-QiMen/internal/config/port_parser.go:52.3,52.42 1 16
github.com/LCUstinian/FG-QiMen/internal/config/port_parser.go:52.42,53.28 1 2
github.com/LCUstinian/FG-QiMen/internal/config/port_parser.go:53.28,54.17 1 37
github.com/LCUstinian/FG-QiMen/internal/config/port_parser.go:54.17,57.6 2 37
github.com/LCUstinian/FG-QiMen/internal/config/port_parser.go:59.4,59.12 1 2
github.com/LCUstinian/FG-QiMen/internal/config/port_parser.go:63.3,63.34 1 14
github.com/LCUstinian/FG-QiMen/internal/config/port_parser.go:63.34,65.18 2 3
github.com/LCUstinian/FG-QiMen/internal/config/port_parser.go:65.18,67.5 1 1
github.com/LCUstinian/FG-QiMen/internal/config/port_parser.go:68.4,68.33 1 2
github.com/LCUstinian/FG-QiMen/internal/config/port_parser.go:68.33,69.17 1 9
github.com/LCUstinian/FG-QiMen/internal/config/port_parser.go:69.17,72.6 2 9
github.com/LCUstinian/FG-QiMen/internal/config/port_parser.go:74.4,74.12 1 2
github.com/LCUstinian/FG-QiMen/internal/config/port_parser.go:78.3,79.17 2 11
github.com/LCUstinian/FG-QiMen/internal/config/port_parser.go:79.17,81.4 1 1
github.com/LCUstinian/FG-QiMen/internal/config/port_parser.go:82.3,82.31 1 10
github.com/LCUstinian/FG-QiMen/internal/config/port_parser.go:82.31,84.4 1 1
github.com/LCUstinian/FG-QiMen/internal/config/port_parser.go:85.3,85.18 1 9
github.com/LCUstinian/FG-QiMen/internal/config/port_parser.go:85.18,88.4 2 7
github.com/LCUstinian/FG-QiMen/internal/config/port_parser.go:91.2,91.22 1 7
github.com/LCUstinian/FG-QiMen/internal/config/port_parser.go:91.22,93.3 1 0
github.com/LCUstinian/FG-QiMen/internal/config/port_parser.go:95.2,95.20 1 7
github.com/LCUstinian/FG-QiMen/internal/config/port_parser.go:100.54,102.21 2 8
github.com/LCUstinian/FG-QiMen/internal/config/port_parser.go:102.21,104.3 1 1
github.com/LCUstinian/FG-QiMen/internal/config/port_parser.go:106.2,107.16 2 7
github.com/LCUstinian/FG-QiMen/internal/config/port_parser.go:107.16,109.3 1 0
github.com/LCUstinian/FG-QiMen/internal/config/port_parser.go:111.2,112.16 2 7
github.com/LCUstinian/FG-QiMen/internal/config/port_parser.go:112.16,114.3 1 0
github.com/LCUstinian/FG-QiMen/internal/config/port_parser.go:116.2,116.32 1 7
github.com/LCUstinian/FG-QiMen/internal/config/port_parser.go:116.32,118.3 1 0
github.com/LCUstinian/FG-QiMen/internal/config/port_parser.go:119.2,119.28 1 7
github.com/LCUstinian/FG-QiMen/internal/config/port_parser.go:119.28,121.3 1 0
github.com/LCUstinian/FG-QiMen/internal/config/port_parser.go:122.2,122.17 1 7
github.com/LCUstinian/FG-QiMen/internal/config/port_parser.go:122.17,124.3 1 2
github.com/LCUstinian/FG-QiMen/internal/config/port_parser.go:127.2,127.23 1 5
github.com/LCUstinian/FG-QiMen/internal/config/port_parser.go:127.23,129.3 1 1
github.com/LCUstinian/FG-QiMen/internal/config/port_parser.go:131.2,131.35 1 4
github.com/LCUstinian/FG-QiMen/internal/config/port_parser.go:136.38,138.24 2 5
github.com/LCUstinian/FG-QiMen/internal/config/port_parser.go:138.24,140.3 1 65551
github.com/LCUstinian/FG-QiMen/internal/config/port_parser.go:141.2,141.15 1 5
github.com/LCUstinian/FG-QiMen/internal/config/port_parser.go:146.27,148.2 1 0
github.com/LCUstinian/FG-QiMen/internal/config/ports.go:221.43,249.2 1 22
github.com/LCUstinian/FG-QiMen/internal/config/ports.go:253.46,256.9 3 22
github.com/LCUstinian/FG-QiMen/internal/config/ports.go:256.9,258.3 1 15
github.com/LCUstinian/FG-QiMen/internal/config/ports.go:259.2,259.26 1 7
github.com/LCUstinian/FG-QiMen/internal/core/credential/auth/database/elasticsearch.go:55.66,57.2 1 5
github.com/LCUstinian/FG-QiMen/internal/core/credential/auth/database/elasticsearch.go:60.52,60.78 1 2
github.com/LCUstinian/FG-QiMen/internal/core/credential/auth/database/elasticsearch.go:67.59,69.2 1 0
github.com/LCUstinian/FG-QiMen/internal/core/credential/auth/database/elasticsearch.go:76.168,77.21 1 4
github.com/LCUstinian/FG-QiMen/internal/core/credential/auth/database/elasticsearch.go:77.21,79.3 1 1
github.com/LCUstinian/FG-QiMen/internal/core/credential/auth/database/elasticsearch.go:80.2,81.26 2 3
github.com/LCUstinian/FG-QiMen/internal/core/credential/auth/database/elasticsearch.go:81.26,82.23 1 3
github.com/LCUstinian/FG-QiMen/internal/core/credential/auth/database/elasticsearch.go:82.23,84.4 1 0
github.com/LCUstinian/FG-QiMen/internal/core/credential/auth/database/elasticsearch.go:85.3,85.60 1 3
github.com/LCUstinian/FG-QiMen/internal/core/credential/auth/database/elasticsearch.go:85.60,86.12 1 0
github.com/LCUstinian/FG-QiMen/internal/core/credential/auth/database/elasticsearch.go:90.3,91.17 2 3
github.com/LCUstinian/FG-QiMen/internal/core/credential/auth/database/elasticsearch.go:91.17,93.4 1 0
github.com/LCUstinian/FG-QiMen/internal/core/credential/auth/database/elasticsearch.go:94.3,95.17 2 3
github.com/LCUstinian/FG-QiMen/internal/core/credential/auth/database/elasticsearch.go:95.17,99.4 1 0
github.com/LCUstinian/FG-QiMen/internal/core/credential/auth/database/elasticsearch.go:100.3,100.10 1 3
github.com/LCUstinian/FG-QiMen/internal/core/credential/auth/database/elasticsearch.go:100.10,106.4 1 1
github.com/LCUstinian/FG-QiMen/internal/core/credential/auth/database/elasticsearch.go:108.2,108.17 1 2
github.com/LCUstinian/FG-QiMen/internal/core/credential/auth/database/elasticsearch.go:116.127,127.38 4 3
github.com/LCUstinian/FG-QiMen/internal/core/credential/auth/database/elasticsearch.go:127.38,129.3 1 0
github.com/LCUstinian/FG-QiMen/internal/core/credential/auth/database/elasticsearch.go:130.2,131.16 2 3
github.com/LCUstinian/FG-QiMen/internal/core/credential/auth/database/elasticsearch.go:131.16,133.3 1 0
github.com/LCUstinian/FG-QiMen/internal/core/credential/auth/database/elasticsearch.go:134.2,135.30 2 3
github.com/LCUstinian/FG-QiMen/internal/core/credential/auth/database/elasticsearch.go:135.30,137.3 1 3
github.com/LCUstinian/FG-QiMen/internal/core/credential/auth/database/elasticsearch.go:138.2,139.16 2 3
github.com/LCUstinian/FG-QiMen/internal/core/credential/auth/database/elasticsearch.go:139.16,141.3 1 0
github.com/LCUstinian/FG-QiMen/internal/core/credential/auth/database/elasticsearch.go:142.2,143.38 2 3
github.com/LCUstinian/FG-QiMen/internal/core/credential/auth/database/elasticsearch.go:143.38,145.3 1 1
github.com/LCUstinian/FG-QiMen/internal/core/credential/auth/database/elasticsearch.go:146.2,152.45 3 2
github.com/LCUstinian/FG-QiMen/internal/core/credential/auth/database/elasticsearch.go:152.45,154.3 1 1
github.com/LCUstinian/FG-QiMen/internal/core/credential/auth/database/elasticsearch.go:155.2,155.18 1 1
github.com/LCUstinian/FG-QiMen/internal/core/credential/auth/database/elasticsearch.go:160.13,162.2 1 1
github.com/LCUstinian/FG-QiMen/internal/core/credential/auth/database/memcached.go:36.58,36.94 1 5
github.com/LCUstinian/FG-QiMen/internal/core/credential/auth/database/memcached.go:38.13,38.65 1 1
github.com/LCUstinian/FG-QiMen/internal/core/credential/auth/database/memcached.go:41.48,41.70 1 2
github.com/LCUstinian/FG-QiMen/internal/core/credential/auth/database/memcached.go:44.55,44.85 1 0
github.com/LCUstinian/FG-QiMen/internal/core/credential/auth/database/memcached.go:68.164,69.21 1 4
github.com/LCUstinian/FG-QiMen/internal/core/credential/auth/database/memcached.go:69.21,71.3 1 0
github.com/LCUstinian/FG-QiMen/internal/core/credential/auth/database/memcached.go:72.2,73.16 2 4
github.com/LCUstinian/FG-QiMen/internal/core/credential/auth/database/memcached.go:73.16,75.3 1 0
github.com/LCUstinian/FG-QiMen/internal/core/credential/auth/database/memcached.go:76.2,80.54 3 4
github.com/LCUstinian/FG-QiMen/internal/core/credential/auth/database/memcached.go:80.54,82.3 1 0
github.com/LCUstinian/FG-QiMen/internal/core/credential/auth/database/memcached.go:83.2,84.16 2 4
github.com/LCUstinian/FG-QiMen/internal/core/credential/auth/database/memcached.go:84.16,91.3 1 0
github.com/LCUstinian/FG-QiMen/internal/core/credential/auth/database/memcached.go:92.2,92.64 1 4
github.com/LCUstinian/FG-QiMen/internal/core/credential/auth/database/memcached.go:92.64,94.3 1 1
github.com/LCUstinian/FG-QiMen/internal/core/credential/auth/database/memcached.go:97.2,97.26 1 3
github.com/LCUstinian/FG-QiMen/internal/core/credential/auth/database/memcached.go:97.26,98.23 1 5
github.com/LCUstinian/FG-QiMen/internal/core/credential/auth/database/memcached.go:98.23,100.4 1 0
github.com/LCUstinian/FG-QiMen/internal/core/credential/auth/database/memcached.go:101.3,101.60 1 5
github.com/LCUstinian/FG-QiMen/internal/core/credential/auth/database/memcached.go:101.60,102.12 1 0
github.com/LCUstinian/FG-QiMen/internal/core/credential/auth/database/memcached.go:108.3,114.19 3 5
github.com/LCUstinian/FG-QiMen/internal/core/credential/auth/database/memcached.go:114.19,116.4 1 0
github.com/LCUstinian/FG-QiMen/internal/core/credential/auth/database/memcached.go:117.3,117.57 1 5
github.com/LCUstinian/FG-QiMen/internal/core/credential/auth/database/memcached.go:117.57,119.4 1 0
github.com/LCUstinian/FG-QiMen/internal/core/credential/auth/database/memcached.go:120.3,121.17 2 5
github.com/LCUstinian/FG-QiMen/internal/core/credential/auth/database/memcached.go:121.17,123.4 1 0
github.com/LCUstinian/FG-QiMen/internal/core/credential/auth/database/memcached.go:124.3,125.10 2 5
github.com/LCUstinian/FG-QiMen/internal/core/credential/auth/database/memcached.go:126.23,135.10 1 1
github.com/LCUstinian/FG-QiMen/internal/core/credential/auth/database/memcached.go:136.46,145.10 1 0
github.com/LCUstinian/FG-QiMen/internal/core/credential/auth/database/memcached.go:146.25,151.10 1 1
github.com/LCUstinian/FG-QiMen/internal/core/credential/auth/database/memcached.go:166.3,166.44 1 3
github.com/LCUstinian/FG-QiMen/internal/core/credential/auth/database/memcached.go:166.44,167.12 1 3
github.com/LCUstinian/FG-QiMen/internal/core/credential/auth/database/memcached.go:170.2,170.17 1 1
github.com/LCUstinian/FG-QiMen/internal/core/credential/auth/database/memcached.go:175.56,179.2 3 9
github.com/LCUstinian/FG-QiMen/internal/core/credential/auth/database/memcached.go:190.52,194.2 1 3
github.com/LCUstinian/FG-QiMen/internal/core/credential/auth/database/mongodb.go:61.50,61.82 1 2
github.com/LCUstinian/FG-QiMen/internal/core/credential/auth/database/mongodb.go:63.13,63.61 1 1
github.com/LCUstinian/FG-QiMen/internal/core/credential/auth/database/mongodb.go:66.44,66.64 1 2
github.com/LCUstinian/FG-QiMen/internal/core/credential/auth/database/mongodb.go:69.51,69.81 1 0
github.com/LCUstinian/FG-QiMen/internal/core/credential/auth/database/mongodb.go:76.160,77.21 1 1
github.com/LCUstinian/FG-QiMen/internal/core/credential/auth/database/mongodb.go:77.21,79.3 1 0
github.com/LCUstinian/FG-QiMen/internal/core/credential/auth/database/mongodb.go:80.2,81.16 2 1
github.com/LCUstinian/FG-QiMen/internal/core/credential/auth/database/mongodb.go:81.16,83.3 1 0
github.com/LCUstinian/FG-QiMen/internal/core/credential/auth/database/mongodb.go:84.2,86.26 2 1
github.com/LCUstinian/FG-QiMen/internal/core/credential/auth/database/mongodb.go:86.26,87.23 1 1
github.com/LCUstinian/FG-QiMen/internal/core/credential/auth/database/mongodb.go:87.23,89.4 1 0
github.com/LCUstinian/FG-QiMen/internal/core/credential/auth/database/mongodb.go:90.3,90.60 1 1
github.com/LCUstinian/FG-QiMen/internal/core/credential/auth/database/mongodb.go:90.60,91.12 1 0
github.com/LCUstinian/FG-QiMen/internal/core/credential/auth/database/mongodb.go:97.3,103.17 3 1
github.com/LCUstinian/FG-QiMen/internal/core/credential/auth/database/mongodb.go:103.17,105.4 1 0
github.com/LCUstinian/FG-QiMen/internal/core/credential/auth/database/mongodb.go:106.3,107.17 2 1
github.com/LCUstinian/FG-QiMen/internal/core/credential/auth/database/mongodb.go:107.17,109.4 1 0
github.com/LCUstinian/FG-QiMen/internal/core/credential/auth/database/mongodb.go:110.3,110.9 1 1
github.com/LCUstinian/FG-QiMen/internal/core/credential/auth/database/mongodb.go:110.9,116.4 1 1
github.com/LCUstinian/FG-QiMen/internal/core/credential/auth/database/mongodb.go:118.2,118.17 1 0
github.com/LCUstinian/FG-QiMen/internal/core/credential/auth/database/mongodb_bson.go:34.54,43.2 8 1
github.com/LCUstinian/FG-QiMen/internal/core/credential/auth/database/mongodb_bson.go:49.60,57.2 7 1
github.com/LCUstinian/FG-QiMen/internal/core/credential/auth/database/mongodb_bson.go:61.64,68.2 5 3
github.com/LCUstinian/FG-QiMen/internal/core/credential/auth/database/mongodb_bson.go:72.59,79.2 6 2
github.com/LCUstinian/FG-QiMen/internal/core/credential/auth/database/mongodb_bson.go:84.67,94.2 8 2
github.com/LCUstinian/FG-QiMen/internal/core/credential/auth/database/mongodb_bson.go:98.61,113.43 15 2
github.com/LCUstinian/FG-QiMen/internal/core/credential/auth/database/mongodb_bson.go:113.43,115.3 1 0
github.com/LCUstinian/FG-QiMen/internal/core/credential/auth/database/mongodb_bson.go:116.2,116.29 1 2
github.com/LCUstinian/FG-QiMen/internal/core/credential/auth/database/mongodb_bson.go:120.52,122.52 2 2
github.com/LCUstinian/FG-QiMen/internal/core/credential/auth/database/mongodb_bson.go:122.52,124.3 1 0
github.com/LCUstinian/FG-QiMen/internal/core/credential/auth/database/mongodb_bson.go:125.2,126.17 2 2
github.com/LCUstinian/FG-QiMen/internal/core/credential/auth/database/mongodb_bson.go:126.17,128.3 1 0
github.com/LCUstinian/FG-QiMen/internal/core/credential/auth/database/mongodb_bson.go:129.2,130.53 2 2
github.com/LCUstinian/FG-QiMen/internal/core/credential/auth/database/mongodb_bson.go:130.53,132.3 1 0
github.com/LCUstinian/FG-QiMen/internal/core/credential/auth/database/mongodb_bson.go:133.2,133.19 1 2
github.com/LCUstinian/FG-QiMen/internal/core/credential/auth/database/mongodb_bson.go:133.19,135.3 1 0
github.com/LCUstinian/FG-QiMen/internal/core/credential/auth/database/mongodb_bson.go:136.2,137.18 2 2
github.com/LCUstinian/FG-QiMen/internal/core/credential/auth/database/mongodb_bson.go:137.18,139.3 1 0
github.com/LCUstinian/FG-QiMen/internal/core/credential/auth/database/mongodb_bson.go:140.2,140.22 1 2
github.com/LCUstinian/FG-QiMen/internal/core/credential/auth/database/mongodb_bson.go:143.60,145.23 2 4
github.com/LCUstinian/FG-QiMen/internal/core/credential/auth/database/mongodb_bson.go:145.23,148.17 3 4
github.com/LCUstinian/FG-QiMen/internal/core/credential/auth/database/mongodb_bson.go:148.17,150.4 1 0
github.com/LCUstinian/FG-QiMen/internal/core/credential/auth/database/mongodb_bson.go:152.2,152.19 1 4
github.com/LCUstinian/FG-QiMen/internal/core/credential/auth/database/mongodb_bson.go:164.81,165.19 1 2
github.com/LCUstinian/FG-QiMen/internal/core/credential/auth/database/mongodb_bson.go:165.19,167.3 1 0
github.com/LCUstinian/FG-QiMen/internal/core/credential/auth/database/mongodb_bson.go:169.2,170.24 2 2
github.com/LCUstinian/FG-QiMen/internal/core/credential/auth/database/mongodb_bson.go:170.24,172.3 1 0
github.com/LCUstinian/FG-QiMen/internal/core/credential/auth/database/mongodb_bson.go:175.2,176.19 2 2
github.com/LCUstinian/FG-QiMen/internal/core/credential/auth/database/mongodb_bson.go:176.19,177.20 1 8
github.com/LCUstinian/FG-QiMen/internal/core/credential/auth/database/mongodb_bson.go:177.20,178.9 1 0
github.com/LCUstinian/FG-QiMen/internal/core/credential/auth/database/mongodb_bson.go:180.3,184.37 4 8
github.com/LCUstinian/FG-QiMen/internal/core/credential/auth/database/mongodb_bson.go:184.37,186.4 1 54
github.com/LCUstinian/FG-QiMen/internal/core/credential/auth/database/mongodb_bson.go:187.3,187.18 1 8
github.com/LCUstinian/FG-QiMen/internal/core/credential/auth/database/mongodb_bson.go:187.18,189.4 1 0
github.com/LCUstinian/FG-QiMen/internal/core/credential/auth/database/mongodb_bson.go:190.3,193.19 3 8
github.com/LCUstinian/FG-QiMen/internal/core/credential/auth/database/mongodb_bson.go:194.13,195.20 1 4
github.com/LCUstinian/FG-QiMen/internal/core/credential/auth/database/mongodb_bson.go:195.20,197.5 1 0
github.com/LCUstinian/FG-QiMen/internal/core/credential/auth/database/mongodb_bson.go:198.4,200.31 3 4
github.com/LCUstinian/FG-QiMen/internal/core/credential/auth/database/mongodb_bson.go:200.31,202.5 1 2
github.com/LCUstinian/FG-QiMen/internal/core/credential/auth/database/mongodb_bson.go:203.13,204.20 1 2
github.com/LCUstinian/FG-QiMen/internal/core/credential/auth/database/mongodb_bson.go:204.20,206.5 1 0
github.com/LCUstinian/FG-QiMen/internal/core/credential/auth/database/mongodb_bson.go:207.4,207.7 1 2
github.com/LCUstinian/FG-QiMen/internal/core/credential/auth/database/mongodb_bson.go:208.13,209.20 1 2
github.com/LCUstinian/FG-QiMen/internal/core/credential/auth/database/mongodb_bson.go:209.20,211.5 1 0
github.com/LCUstinian/FG-QiMen/internal/core/credential/auth/database/mongodb_bson.go:212.4,217.26 6 2
github.com/LCUstinian/FG-QiMen/internal/core/credential/auth/database/mongodb_bson.go:217.26,219.5 1 0
github.com/LCUstinian/FG-QiMen/internal/core/credential/auth/database/mongodb_bson.go:220.4,220.24 1 2
github.com/LCUstinian/FG-QiMen/internal/core/credential/auth/database/mongodb_bson.go:220.24,222.5 1 2
github.com/LCUstinian/FG-QiMen/internal/core/credential/auth/database/mongodb_bson.go:223.4,223.16 1 2
github.com/LCUstinian/FG-QiMen/internal/core/credential/auth/database/mongodb_bson.go:224.11,225.96 1 0
github.com/LCUstinian/FG-QiMen/internal/core/credential/auth/database/mongodb_bson.go:228.2,228.19 1 2
github.com/LCUstinian/FG-QiMen/internal/core/credential/auth/database/mongodb_bson.go:228.19,232.3 1 0
github.com/LCUstinian/FG-QiMen/internal/core/credential/auth/database/mongodb_bson.go:233.2,233.29 1 2
github.com/LCUstinian/FG-QiMen/internal/core/credential/auth/database/mongodb_scram.go:41.106,50.16 6 1
github.com/LCUstinian/FG-QiMen/internal/core/credential/auth/database/mongodb_scram.go:50.16,52.3 1 0
github.com/LCUstinian/FG-QiMen/internal/core/credential/auth/database/mongodb_scram.go:53.2,54.16 2 1
github.com/LCUstinian/FG-QiMen/internal/core/credential/auth/database/mongodb_scram.go:54.16,56.3 1 0
github.com/LCUstinian/FG-QiMen/internal/core/credential/auth/database/mongodb_scram.go:57.2,57.20 1 1
github.com/LCUstinian/FG-QiMen/internal/core/credential/auth/database/mongodb_scram.go:57.20,60.3 1 0
github.com/LCUstinian/FG-QiMen/internal/core/credential/auth/database/mongodb_scram.go:61.2,65.55 5 1
github.com/LCUstinian/FG-QiMen/internal/core/credential/auth/database/mongodb_scram.go:65.55,67.3 1 0
github.com/LCUstinian/FG-QiMen/internal/core/credential/auth/database/mongodb_scram.go:68.2,68.42 1 1
github.com/LCUstinian/FG-QiMen/internal/core/credential/auth/database/mongodb_scram.go:68.42,71.3 1 0
github.com/LCUstinian/FG-QiMen/internal/core/credential/auth/database/mongodb_scram.go:72.2,73.28 2 1
github.com/LCUstinian/FG-QiMen/internal/core/credential/auth/database/mongodb_scram.go:73.28,74.25 1 4
github.com/LCUstinian/FG-QiMen/internal/core/credential/auth/database/mongodb_scram.go:74.25,76.4 1 0
github.com/LCUstinian/FG-QiMen/internal/core/credential/auth/database/mongodb_scram.go:77.3,77.30 1 4
github.com/LCUstinian/FG-QiMen/internal/core/credential/auth/database/mongodb_scram.go:79.2,79.14 1 1
github.com/LCUstinian/FG-QiMen/internal/core/credential/auth/database/mongodb_scram.go:79.14,81.3 1 0
github.com/LCUstinian/FG-QiMen/internal/core/credential/auth/database/mongodb_scram.go:82.2,83.16 2 1
github.com/LCUstinian/FG-QiMen/internal/core/credential/auth/database/mongodb_scram.go:83.16,85.3 1 0
github.com/LCUstinian/FG-QiMen/internal/core/credential/auth/database/mongodb_scram.go:88.2,101.16 12 1
github.com/LCUstinian/FG-QiMen/internal/core/credential/auth/database/mongodb_scram.go:101.16,103.3 1 0
github.com/LCUstinian/FG-QiMen/internal/core/credential/auth/database/mongodb_scram.go:104.2,105.16 2 1
github.com/LCUstinian/FG-QiMen/internal/core/credential/auth/database/mongodb_scram.go:105.16,107.3 1 0
github.com/LCUstinian/FG-QiMen/internal/core/credential/auth/database/mongodb_scram.go:108.2,108.20 1 1
github.com/LCUstinian/FG-QiMen/internal/core/credential/auth/database/mongodb_scram.go:108.20,110.3 1 0
github.com/LCUstinian/FG-QiMen/internal/core/credential/auth/database/mongodb_scram.go:113.2,114.23 2 1
github.com/LCUstinian/FG-QiMen/internal/core/credential/auth/database/mongodb_scram.go:114.23,116.3 1 1
github.com/LCUstinian/FG-QiMen/internal/core/credential/auth/database/mongodb_scram.go:117.2,117.19 1 0
github.com/LCUstinian/FG-QiMen/internal/core/credential/auth/database/mongodb_scram.go:122.37,126.19 4 1
github.com/LCUstinian/FG-QiMen/internal/core/credential/auth/database/mongodb_scram.go:126.19,128.3 1 24
github.com/LCUstinian/FG-QiMen/internal/core/credential/auth/database/mongodb_scram.go:129.2,129.18 1 1
github.com/LCUstinian/FG-QiMen/internal/core/credential/auth/database/mongodb_scram.go:136.37,136.81 1 1
github.com/LCUstinian/FG-QiMen/internal/core/credential/auth/database/mongodb_scram.go:140.51,142.42 2 2
github.com/LCUstinian/FG-QiMen/internal/core/credential/auth/database/mongodb_scram.go:142.42,143.46 1 4
github.com/LCUstinian/FG-QiMen/internal/core/credential/auth/database/mongodb_scram.go:143.46,145.4 1 4
github.com/LCUstinian/FG-QiMen/internal/core/credential/auth/database/mongodb_scram.go:147.2,147.12 1 2
github.com/LCUstinian/FG-QiMen/internal/core/credential/auth/database/mongodb_scram.go:150.42,154.2 3 2
github.com/LCUstinian/FG-QiMen/internal/core/credential/auth/database/mongodb_scram.go:156.33,159.2 2 1
github.com/LCUstinian/FG-QiMen/internal/core/credential/auth/database/mongodb_scram.go:161.35,163.19 2 1
github.com/LCUstinian/FG-QiMen/internal/core/credential/auth/database/mongodb_scram.go:163.19,165.3 1 32
github.com/LCUstinian/FG-QiMen/internal/core/credential/auth/database/mongodb_scram.go:166.2,166.12 1 1
github.com/LCUstinian/FG-QiMen/internal/core/credential/auth/database/mssql.go:37.50,37.82 1 2
github.com/LCUstinian/FG-QiMen/internal/core/credential/auth/database/mssql.go:39.13,39.61 1 1
github.com/LCUstinian/FG-QiMen/internal/core/credential/auth/database/mssql.go:42.44,42.62 1 2
github.com/LCUstinian/FG-QiMen/internal/core/credential/auth/database/mssql.go:45.51,45.85 1 0
github.com/LCUstinian/FG-QiMen/internal/core/credential/auth/database/mssql.go:60.160,61.21 1 1
github.com/LCUstinian/FG-QiMen/internal/core/credential/auth/database/mssql.go:61.21,63.3 1 0
github.com/LCUstinian/FG-QiMen/internal/core/credential/auth/database/mssql.go:64.2,66.20 3 1
github.com/LCUstinian/FG-QiMen/internal/core/credential/auth/database/mssql.go:66.20,68.3 1 0
github.com/LCUstinian/FG-QiMen/internal/core/credential/auth/database/mssql.go:69.2,69.26 1 1
github.com/LCUstinian/FG-QiMen/internal/core/credential/auth/database/mssql.go:69.26,70.23 1 1
github.com/LCUstinian/FG-QiMen/internal/core/credential/auth/database/mssql.go:70.23,72.4 1 0
github.com/LCUstinian/FG-QiMen/internal/core/credential/auth/database/mssql.go:73.3,73.60 1 1
github.com/LCUstinian/FG-QiMen/internal/core/credential/auth/database/mssql.go:73.60,74.12 1 0
github.com/LCUstinian/FG-QiMen/internal/core/credential/auth/database/mssql.go:94.3,95.35 2 1
github.com/LCUstinian/FG-QiMen/internal/core/credential/auth/database/mssql.go:95.35,97.4 1 0
github.com/LCUstinian/FG-QiMen/internal/core/credential/auth/database/mssql.go:98.3,103.17 4 1
github.com/LCUstinian/FG-QiMen/internal/core/credential/auth/database/mssql.go:103.17,106.12 1 0
github.com/LCUstinian/FG-QiMen/internal/core/credential/auth/database/mssql.go:108.3,117.17 8 1
github.com/LCUstinian/FG-QiMen/internal/core/credential/auth/database/mssql.go:117.17,123.4 1 0
github.com/LCUstinian/FG-QiMen/internal/core/credential/auth/database/mssql.go:128.3,129.15 2 1
github.com/LCUstinian/FG-QiMen/internal/core/credential/auth/database/mssql.go:131.2,131.17 1 1
github.com/LCUstinian/FG-QiMen/internal/core/credential/auth/database/mssql.go:141.31,141.54 1 1
github.com/LCUstinian/FG-QiMen/internal/core/credential/auth/database/mssql.go:142.31,142.54 1 1
github.com/LCUstinian/FG-QiMen/internal/core/credential/auth/database/mssql.go:143.33,150.30 3 2
github.com/LCUstinian/FG-QiMen/internal/core/credential/auth/database/mssql.go:150.30,152.10 2 13
github.com/LCUstinian/FG-QiMen/internal/core/credential/auth/database/mssql.go:154.49,155.24 1 13
github.com/LCUstinian/FG-QiMen/internal/core/credential/auth/database/mssql.go:156.11,157.58 1 0
github.com/LCUstinian/FG-QiMen/internal/core/credential/auth/database/mssql.go:160.2,160.20 1 2
github.com/LCUstinian/FG-QiMen/internal/core/credential/auth/database/mysql.go:55.50,55.82 1 2
github.com/LCUstinian/FG-QiMen/internal/core/credential/auth/database/mysql.go:57.13,57.61 1 1
github.com/LCUstinian/FG-QiMen/internal/core/credential/auth/database/mysql.go:60.44,60.62 1 2
github.com/LCUstinian/FG-QiMen/internal/core/credential/auth/database/mysql.go:63.51,63.86 1 0
github.com/LCUstinian/FG-QiMen/internal/core/credential/auth/database/mysql.go:70.160,71.21 1 1
github.com/LCUstinian/FG-QiMen/internal/core/credential/auth/database/mysql.go:71.21,73.3 1 0
github.com/LCUstinian/FG-QiMen/internal/core/credential/auth/database/mysql.go:74.2,76.20 3 1
github.com/LCUstinian/FG-QiMen/internal/core/credential/auth/database/mysql.go:76.20,78.3 1 0
github.com/LCUstinian/FG-QiMen/internal/core/credential/auth/database/mysql.go:79.2,79.26 1 1
github.com/LCUstinian/FG-QiMen/internal/core/credential/auth/database/mysql.go:79.26,80.23 1 1
github.com/LCUstinian/FG-QiMen/internal/core/credential/auth/database/mysql.go:80.23,82.4 1 0
github.com/LCUstinian/FG-QiMen/internal/core/credential/auth/database/mysql.go:83.3,83.60 1 1
github.com/LCUstinian/FG-QiMen/internal/core/credential/auth/database/mysql.go:83.60,84.12 1 0
github.com/LCUstinian/FG-QiMen/internal/core/credential/auth/database/mysql.go:92.3,95.85 3 1
github.com/LCUstinian/FG-QiMen/internal/core/credential/auth/database/mysql.go:95.85,97.4 1 1
github.com/LCUstinian/FG-QiMen/internal/core/credential/auth/database/mysql.go:98.3,98.17 1 1
github.com/LCUstinian/FG-QiMen/internal/core/credential/auth/database/mysql.go:98.17,101.12 1 0
github.com/LCUstinian/FG-QiMen/internal/core/credential/auth/database/mysql.go:103.3,103.14 1 1
github.com/LCUstinian/FG-QiMen/internal/core/credential/auth/database/mysql.go:103.14,111.4 3 1
github.com/LCUstinian/FG-QiMen/internal/core/credential/auth/database/mysql.go:113.3,116.17 4 1
github.com/LCUstinian/FG-QiMen/internal/core/credential/auth/database/mysql.go:116.17,127.60 2 1
github.com/LCUstinian/FG-QiMen/internal/core/credential/auth/database/mysql.go:127.60,129.5 1 0
github.com/LCUstinian/FG-QiMen/internal/core/credential/auth/database/mysql.go:131.3,131.17 1 1
github.com/LCUstinian/FG-QiMen/internal/core/credential/auth/database/mysql.go:131.17,137.4 1 0
github.com/LCUstinian/FG-QiMen/internal/core/credential/auth/database/mysql.go:139.2,139.17 1 1
github.com/LCUstinian/FG-QiMen/internal/core/credential/auth/database/oracle.go:46.52,46.85 1 4
github.com/LCUstinian/FG-QiMen/internal/core/credential/auth/database/oracle.go:49.45,49.64 1 2
github.com/LCUstinian/FG-QiMen/internal/core/credential/auth/database/oracle.go:52.52,54.2 1 0
github.com/LCUstinian/FG-QiMen/internal/core/credential/auth/database/oracle.go:70.161,71.21 1 3
github.com/LCUstinian/FG-QiMen/internal/core/credential/auth/database/oracle.go:71.21,73.3 1 1
github.com/LCUstinian/FG-QiMen/internal/core/credential/auth/database/oracle.go:74.2,76.20 3 2
github.com/LCUstinian/FG-QiMen/internal/core/credential/auth/database/oracle.go:76.20,78.3 1 0
github.com/LCUstinian/FG-QiMen/internal/core/credential/auth/database/oracle.go:79.2,79.26 1 2
github.com/LCUstinian/FG-QiMen/internal/core/credential/auth/database/oracle.go:79.26,80.23 1 2
github.com/LCUstinian/FG-QiMen/internal/core/credential/auth/database/oracle.go:80.23,82.4 1 0
github.com/LCUstinian/FG-QiMen/internal/core/credential/auth/database/oracle.go:83.3,83.60 1 2
github.com/LCUstinian/FG-QiMen/internal/core/credential/auth/database/oracle.go:83.60,84.12 1 1
github.com/LCUstinian/FG-QiMen/internal/core/credential/auth/database/oracle.go:88.3,89.17 2 1
github.com/LCUstinian/FG-QiMen/internal/core/credential/auth/database/oracle.go:89.17,91.4 1 0
github.com/LCUstinian/FG-QiMen/internal/core/credential/auth/database/oracle.go:95.3,110.17 6 1
github.com/LCUstinian/FG-QiMen/internal/core/credential/auth/database/oracle.go:110.17,111.12 1 0
github.com/LCUstinian/FG-QiMen/internal/core/credential/auth/database/oracle.go:113.3,120.17 8 1
github.com/LCUstinian/FG-QiMen/internal/core/credential/auth/database/oracle.go:120.17,126.4 1 0
github.com/LCUstinian/FG-QiMen/internal/core/credential/auth/database/oracle.go:132.3,132.34 1 1
github.com/LCUstinian/FG-QiMen/internal/core/credential/auth/database/oracle.go:132.34,134.4 1 1
github.com/LCUstinian/FG-QiMen/internal/core/credential/auth/database/oracle.go:135.3,135.37 1 0
github.com/LCUstinian/FG-QiMen/internal/core/credential/auth/database/oracle.go:137.2,137.17 1 1
github.com/LCUstinian/FG-QiMen/internal/core/credential/auth/database/oracle.go:141.13,143.2 1 1
github.com/LCUstinian/FG-QiMen/internal/core/credential/auth/database/oracle.go:153.44,154.16 1 1
github.com/LCUstinian/FG-QiMen/internal/core/credential/auth/database/oracle.go:154.16,156.3 1 0
github.com/LCUstinian/FG-QiMen/internal/core/credential/auth/database/oracle.go:157.2,158.35 2 1
github.com/LCUstinian/FG-QiMen/internal/core/credential/auth/database/oracle.go:158.35,160.3 1 0
github.com/LCUstinian/FG-QiMen/internal/core/credential/auth/database/oracle.go:161.2,161.14 1 1
github.com/LCUstinian/FG-QiMen/internal/core/credential/auth/database/postgresql.go:48.60,48.97 1 5
github.com/LCUstinian/FG-QiMen/internal/core/credential/auth/database/postgresql.go:51.49,51.72 1 2
github.com/LCUstinian/FG-QiMen/internal/core/credential/auth/database/postgresql.go:54.56,56.2 1 0
github.com/LCUstinian/FG-QiMen/internal/core/credential/auth/database/postgresql.go:72.165,73.21 1 4
github.com/LCUstinian/FG-QiMen/internal/core/credential/auth/database/postgresql.go:73.21,75.3 1 1
github.com/LCUstinian/FG-QiMen/internal/core/credential/auth/database/postgresql.go:76.2,78.20 3 3
github.com/LCUstinian/FG-QiMen/internal/core/credential/auth/database/postgresql.go:78.20,80.3 1 0
github.com/LCUstinian/FG-QiMen/internal/core/credential/auth/database/postgresql.go:81.2,81.26 1 3
github.com/LCUstinian/FG-QiMen/internal/core/credential/auth/database/postgresql.go:81.26,82.23 1 3
github.com/LCUstinian/FG-QiMen/internal/core/credential/auth/database/postgresql.go:82.23,84.4 1 0
github.com/LCUstinian/FG-QiMen/internal/core/credential/auth/database/postgresql.go:85.3,85.60 1 3
github.com/LCUstinian/FG-QiMen/internal/core/credential/auth/database/postgresql.go:85.60,86.12 1 1
github.com/LCUstinian/FG-QiMen/internal/core/credential/auth/database/postgresql.go:90.3,91.17 2 2
github.com/LCUstinian/FG-QiMen/internal/core/credential/auth/database/postgresql.go:91.17,93.4 1 0
github.com/LCUstinian/FG-QiMen/internal/core/credential/auth/database/postgresql.go:99.3,117.35 4 2
github.com/LCUstinian/FG-QiMen/internal/core/credential/auth/database/postgresql.go:117.35,119.4 1 0
github.com/LCUstinian/FG-QiMen/internal/core/credential/auth/database/postgresql.go:120.3,125.17 5 2
github.com/LCUstinian/FG-QiMen/internal/core/credential/auth/database/postgresql.go:125.17,127.12 1 0
github.com/LCUstinian/FG-QiMen/internal/core/credential/auth/database/postgresql.go:129.3,138.17 8 2
github.com/LCUstinian/FG-QiMen/internal/core/credential/auth/database/postgresql.go:138.17,144.4 1 0
github.com/LCUstinian/FG-QiMen/internal/core/credential/auth/database/postgresql.go:153.3,153.30 1 2
github.com/LCUstinian/FG-QiMen/internal/core/credential/auth/database/postgresql.go:153.30,155.4 1 2
github.com/LCUstinian/FG-QiMen/internal/core/credential/auth/database/postgresql.go:157.2,157.17 1 1
github.com/LCUstinian/FG-QiMen/internal/core/credential/auth/database/postgresql.go:162.13,164.2 1 1
github.com/LCUstinian/FG-QiMen/internal/core/credential/auth/database/postgresql.go:174.40,175.16 1 8
github.com/LCUstinian/FG-QiMen/internal/core/credential/auth/database/postgresql.go:175.16,177.3 1 1
github.com/LCUstinian/FG-QiMen/internal/core/credential/auth/database/postgresql.go:178.2,181.35 2 7
github.com/LCUstinian/FG-QiMen/internal/core/credential/auth/database/postgresql.go:181.35,183.3 1 2
github.com/LCUstinian/FG-QiMen/internal/core/credential/auth/database/postgresql.go:187.2,187.14 1 5
github.com/LCUstinian/FG-QiMen/internal/core/credential/auth/database/redis.go:44.50,44.82 1 5
github.com/LCUstinian/FG-QiMen/internal/core/credential/auth/database/redis.go:46.13,46.61 1 1
github.com/LCUstinian/FG-QiMen/internal/core/credential/auth/database/redis.go:49.44,49.62 1 2
github.com/LCUstinian/FG-QiMen/internal/core/credential/auth/database/redis.go:52.51,52.79 1 0
github.com/LCUstinian/FG-QiMen/internal/core/credential/auth/database/redis.go:75.160,76.21 1 4
github.com/LCUstinian/FG-QiMen/internal/core/credential/auth/database/redis.go:76.21,78.3 1 0
github.com/LCUstinian/FG-QiMen/internal/core/credential/auth/database/redis.go:79.2,80.16 2 4
github.com/LCUstinian/FG-QiMen/internal/core/credential/auth/database/redis.go:80.16,82.3 1 0
github.com/LCUstinian/FG-QiMen/internal/core/credential/auth/database/redis.go:83.2,87.48 3 4
github.com/LCUstinian/FG-QiMen/internal/core/credential/auth/database/redis.go:87.48,89.3 1 0
github.com/LCUstinian/FG-QiMen/internal/core/credential/auth/database/redis.go:90.2,91.16 2 4
github.com/LCUstinian/FG-QiMen/internal/core/credential/auth/database/redis.go:91.16,100.3 1 0
github.com/LCUstinian/FG-QiMen/internal/core/credential/auth/database/redis.go:101.2,101.9 1 4
github.com/LCUstinian/FG-QiMen/internal/core/credential/auth/database/redis.go:102.44,111.9 1 1
github.com/LCUstinian/FG-QiMen/internal/core/credential/auth/database/redis.go:112.46,112.46 0 2
github.com/LCUstinian/FG-QiMen/internal/core/credential/auth/database/redis.go:114.43,116.18 1 0
github.com/LCUstinian/FG-QiMen/internal/core/credential/auth/database/redis.go:117.10,118.18 1 1
github.com/LCUstinian/FG-QiMen/internal/core/credential/auth/database/redis.go:122.2,122.26 1 2
github.com/LCUstinian/FG-QiMen/internal/core/credential/auth/database/redis.go:122.26,123.23 1 4
github.com/LCUstinian/FG-QiMen/internal/core/credential/auth/database/redis.go:123.23,125.4 1 0
github.com/LCUstinian/FG-QiMen/internal/core/credential/auth/database/redis.go:126.3,126.60 1 4
github.com/LCUstinian/FG-QiMen/internal/core/credential/auth/database/redis.go:126.60,127.12 1 0
github.com/LCUstinian/FG-QiMen/internal/core/credential/auth/database/redis.go:133.3,134.57 2 4
github.com/LCUstinian/FG-QiMen/internal/core/credential/auth/database/redis.go:134.57,136.4 1 0
github.com/LCUstinian/FG-QiMen/internal/core/credential/auth/database/redis.go:137.3,138.17 2 4
github.com/LCUstinian/FG-QiMen/internal/core/credential/auth/database/redis.go:138.17,140.4 1 0
github.com/LCUstinian/FG-QiMen/internal/core/credential/auth/database/redis.go:141.3,141.41 1 4
github.com/LCUstinian/FG-QiMen/internal/core/credential/auth/database/redis.go:141.41,147.4 1 1
github.com/LCUstinian/FG-QiMen/internal/core/credential/auth/database/redis.go:150.2,150.17 1 1
github.com/LCUstinian/FG-QiMen/internal/core/credential/auth/database/redis.go:155.53,158.25 3 8
github.com/LCUstinian/FG-QiMen/internal/core/credential/auth/database/redis.go:158.25,160.3 1 12
github.com/LCUstinian/FG-QiMen/internal/core/credential/auth/database/redis.go:161.2,162.12 2 8
github.com/LCUstinian/FG-QiMen/internal/core/credential/auth/database/redis.go:170.49,172.16 2 8
github.com/LCUstinian/FG-QiMen/internal/core/credential/auth/database/redis.go:172.16,174.3 1 0
github.com/LCUstinian/FG-QiMen/internal/core/credential/auth/database/redis.go:175.2,181.18 2 8
github.com/LCUstinian/FG-QiMen/internal/core/credential/auth/database/sqlcache/sqlcache.go:51.36,52.19 1 5
github.com/LCUstinian/FG-QiMen/internal/core/credential/auth/database/sqlcache/sqlcache.go:52.19,54.3 1 0
github.com/LCUstinian/FG-QiMen/internal/core/credential/auth/database/sqlcache/sqlcache.go:55.2,59.3 1 5
github.com/LCUstinian/FG-QiMen/internal/core/credential/auth/database/sqlcache/sqlcache.go:67.94,69.27 2 11
github.com/LCUstinian/FG-QiMen/internal/core/credential/auth/database/sqlcache/sqlcache.go:69.27,75.3 5 2
github.com/LCUstinian/FG-QiMen/internal/core/credential/auth/database/sqlcache/sqlcache.go:76.2,81.16 3 9
github.com/LCUstinian/FG-QiMen/internal/core/credential/auth/database/sqlcache/sqlcache.go:81.16,83.3 1 0
github.com/LCUstinian/FG-QiMen/internal/core/credential/auth/database/sqlcache/sqlcache.go:85.2,89.27 3 9
github.com/LCUstinian/FG-QiMen/internal/core/credential/auth/database/sqlcache/sqlcache.go:89.27,95.3 3 0
github.com/LCUstinian/FG-QiMen/internal/core/credential/auth/database/sqlcache/sqlcache.go:96.2,96.25 1 9
github.com/LCUstinian/FG-QiMen/internal/core/credential/auth/database/sqlcache/sqlcache.go:96.25,99.20 2 2
github.com/LCUstinian/FG-QiMen/internal/core/credential/auth/database/sqlcache/sqlcache.go:99.20,104.4 4 2
github.com/LCUstinian/FG-QiMen/internal/core/credential/auth/database/sqlcache/sqlcache.go:106.2,108.22 3 9
github.com/LCUstinian/FG-QiMen/internal/core/credential/auth/database/sqlcache/sqlcache.go:114.40,117.27 3 1
github.com/LCUstinian/FG-QiMen/internal/core/credential/auth/database/sqlcache/sqlcache.go:117.27,122.3 4 1
github.com/LCUstinian/FG-QiMen/internal/core/credential/auth/database/sqlcache/sqlcache.go:127.25,130.24 3 4
github.com/LCUstinian/FG-QiMen/internal/core/credential/auth/database/sqlcache/sqlcache.go:130.24,132.3 1 6
github.com/LCUstinian/FG-QiMen/internal/core/credential/auth/database/sqlcache/sqlcache.go:133.2,134.45 2 4
github.com/LCUstinian/FG-QiMen/internal/core/credential/auth/database/sqlcache/sqlcache.go:138.27,142.2 3 7
github.com/LCUstinian/FG-QiMen/internal/core/credential/auth/messaging/rabbitmq.go:44.56,44.91 1 5
github.com/LCUstinian/FG-QiMen/internal/core/credential/auth/messaging/rabbitmq.go:47.47,47.68 1 3
github.com/LCUstinian/FG-QiMen/internal/core/credential/auth/messaging/rabbitmq.go:50.54,52.2 1 1
github.com/LCUstinian/FG-QiMen/internal/core/credential/auth/messaging/rabbitmq.go:56.163,57.21 1 3
github.com/LCUstinian/FG-QiMen/internal/core/credential/auth/messaging/rabbitmq.go:57.21,59.3 1 1
github.com/LCUstinian/FG-QiMen/internal/core/credential/auth/messaging/rabbitmq.go:60.2,60.26 1 2
github.com/LCUstinian/FG-QiMen/internal/core/credential/auth/messaging/rabbitmq.go:60.26,61.23 1 2
github.com/LCUstinian/FG-QiMen/internal/core/credential/auth/messaging/rabbitmq.go:61.23,63.4 1 0
github.com/LCUstinian/FG-QiMen/internal/core/credential/auth/messaging/rabbitmq.go:64.3,64.60 1 2
github.com/LCUstinian/FG-QiMen/internal/core/credential/auth/messaging/rabbitmq.go:64.60,65.12 1 1
github.com/LCUstinian/FG-QiMen/internal/core/credential/auth/messaging/rabbitmq.go:67.3,68.17 2 1
github.com/LCUstinian/FG-QiMen/internal/core/credential/auth/messaging/rabbitmq.go:68.17,70.4 1 1
github.com/LCUstinian/FG-QiMen/internal/core/credential/auth/messaging/rabbitmq.go:71.3,71.9 1 0
github.com/LCUstinian/FG-QiMen/internal/core/credential/auth/messaging/rabbitmq.go:71.9,77.4 1 0
github.com/LCUstinian/FG-QiMen/internal/core/credential/auth/messaging/rabbitmq.go:79.2,79.17 1 1
github.com/LCUstinian/FG-QiMen/internal/core/credential/auth/messaging/rabbitmq.go:92.141,98.16 2 1
github.com/LCUstinian/FG-QiMen/internal/core/credential/auth/messaging/rabbitmq.go:98.16,100.3 1 1
github.com/LCUstinian/FG-QiMen/internal/core/credential/auth/messaging/rabbitmq.go:101.2,106.70 3 0
github.com/LCUstinian/FG-QiMen/internal/core/credential/auth/messaging/rabbitmq.go:106.70,108.3 1 0
github.com/LCUstinian/FG-QiMen/internal/core/credential/auth/messaging/rabbitmq.go:113.2,114.16 2 0
github.com/LCUstinian/FG-QiMen/internal/core/credential/auth/messaging/rabbitmq.go:114.16,116.3 1 0
github.com/LCUstinian/FG-QiMen/internal/core/credential/auth/messaging/rabbitmq.go:121.2,121.26 1 0
github.com/LCUstinian/FG-QiMen/internal/core/credential/auth/messaging/rabbitmq.go:121.26,123.3 1 0
github.com/LCUstinian/FG-QiMen/internal/core/credential/auth/messaging/rabbitmq.go:124.2,124.56 1 0
github.com/LCUstinian/FG-QiMen/internal/core/credential/auth/messaging/rabbitmq.go:124.56,126.3 1 0
github.com/LCUstinian/FG-QiMen/internal/core/credential/auth/messaging/rabbitmq.go:127.2,127.57 1 0
github.com/LCUstinian/FG-QiMen/internal/core/credential/auth/messaging/rabbitmq.go:127.57,129.3 1 0
github.com/LCUstinian/FG-QiMen/internal/core/credential/auth/messaging/rabbitmq.go:131.2,131.76 1 0
github.com/LCUstinian/FG-QiMen/internal/core/credential/auth/messaging/rabbitmq.go:131.76,133.3 1 0
github.com/LCUstinian/FG-QiMen/internal/core/credential/auth/messaging/rabbitmq.go:136.2,137.16 2 0
github.com/LCUstinian/FG-QiMen/internal/core/credential/auth/messaging/rabbitmq.go:137.16,139.3 1 0
github.com/LCUstinian/FG-QiMen/internal/core/credential/auth/messaging/rabbitmq.go:140.2,140.25 1 0
github.com/LCUstinian/FG-QiMen/internal/core/credential/auth/messaging/rabbitmq.go:140.25,142.3 1 0
github.com/LCUstinian/FG-QiMen/internal/core/credential/auth/messaging/rabbitmq.go:143.2,147.49 3 0
github.com/LCUstinian/FG-QiMen/internal/core/credential/auth/messaging/rabbitmq.go:156.81,205.2 34 0
github.com/LCUstinian/FG-QiMen/internal/core/credential/auth/messaging/rabbitmq.go:208.51,210.51 2 0
github.com/LCUstinian/FG-QiMen/internal/core/credential/auth/messaging/rabbitmq.go:210.51,212.3 1 0
github.com/LCUstinian/FG-QiMen/internal/core/credential/auth/messaging/rabbitmq.go:213.2,214.30 2 0
github.com/LCUstinian/FG-QiMen/internal/core/credential/auth/messaging/rabbitmq.go:214.30,216.3 1 0
github.com/LCUstinian/FG-QiMen/internal/core/credential/auth/messaging/rabbitmq.go:220.2,221.52 2 0
github.com/LCUstinian/FG-QiMen/internal/core/credential/auth/messaging/rabbitmq.go:221.52,223.3 1 0
github.com/LCUstinian/FG-QiMen/internal/core/credential/auth/messaging/rabbitmq.go:224.2,224.34 1 0
github.com/LCUstinian/FG-QiMen/internal/core/credential/auth/messaging/rabbitmq.go:227.56,229.23 2 0
github.com/LCUstinian/FG-QiMen/internal/core/credential/auth/messaging/rabbitmq.go:229.23,232.17 3 0
github.com/LCUstinian/FG-QiMen/internal/core/credential/auth/messaging/rabbitmq.go:232.17,234.4 1 0
github.com/LCUstinian/FG-QiMen/internal/core/credential/auth/messaging/rabbitmq.go:236.2,236.19 1 0
github.com/LCUstinian/FG-QiMen/internal/core/credential/auth/messaging/rabbitmq.go:240.13,242.2 1 1
github.com/LCUstinian/FG-QiMen/internal/core/credential/auth.go:56.99,58.51 2 0
github.com/LCUstinian/FG-QiMen/internal/core/credential/auth.go:58.51,62.17 2 0
github.com/LCUstinian/FG-QiMen/internal/core/credential/auth.go:62.17,64.4 1 0
github.com/LCUstinian/FG-QiMen/internal/core/credential/auth.go:65.3,66.19 2 0
github.com/LCUstinian/FG-QiMen/internal/core/credential/auth.go:68.2,70.16 3 0
github.com/LCUstinian/FG-QiMen/internal/core/credential/auth.go:70.16,72.3 1 0
github.com/LCUstinian/FG-QiMen/internal/core/credential/auth.go:73.2,74.18 2 0
github.com/LCUstinian/FG-QiMen/internal/core/credential/auth.go:87.54,88.16 1 0
github.com/LCUstinian/FG-QiMen/internal/core/credential/auth.go:88.16,90.3 1 0
github.com/LCUstinian/FG-QiMen/internal/core/credential/auth.go:91.2,91.52 1 0
github.com/LCUstinian/FG-QiMen/internal/core/credential/cred.go:62.34,64.2 1 4
github.com/LCUstinian/FG-QiMen/internal/core/credential/cred.go:69.31,70.18 1 4
github.com/LCUstinian/FG-QiMen/internal/core/credential/cred.go:71.15,72.45 1 1
github.com/LCUstinian/FG-QiMen/internal/core/credential/cred.go:73.16,75.30 1 1
github.com/LCUstinian/FG-QiMen/internal/core/credential/cred.go:76.10,77.33 1 2
github.com/LCUstinian/FG-QiMen/internal/core/credential/pool.go:36.32,38.40 2 1
github.com/LCUstinian/FG-QiMen/internal/core/credential/pool.go:38.40,51.3 1 0
github.com/LCUstinian/FG-QiMen/internal/core/credential/pool.go:52.2,52.10 1 1
github.com/LCUstinian/FG-QiMen/internal/core/credential/pool.go:78.22,80.2 1 5
github.com/LCUstinian/FG-QiMen/internal/core/credential/pool.go:86.33,88.31 2 16
github.com/LCUstinian/FG-QiMen/internal/core/credential/pool.go:88.31,90.3 1 4
github.com/LCUstinian/FG-QiMen/internal/core/credential/pool.go:91.2,93.13 3 12
github.com/LCUstinian/FG-QiMen/internal/core/credential/pool.go:98.39,100.24 2 0
github.com/LCUstinian/FG-QiMen/internal/core/credential/pool.go:100.24,101.15 1 0
github.com/LCUstinian/FG-QiMen/internal/core/credential/pool.go:101.15,103.4 1 0
github.com/LCUstinian/FG-QiMen/internal/core/credential/pool.go:105.2,105.10 1 0
github.com/LCUstinian/FG-QiMen/internal/core/credential/pool.go:123.29,127.2 3 2
github.com/LCUstinian/FG-QiMen/internal/core/credential/pool.go:130.26,130.49 1 3
github.com/LCUstinian/FG-QiMen/internal/core/credential/pool.go:142.30,162.2 10 41
github.com/LCUstinian/FG-QiMen/internal/core/credential/pool.go:196.58,198.18 2 2
github.com/LCUstinian/FG-QiMen/internal/core/credential/pool.go:198.18,200.3 1 2
github.com/LCUstinian/FG-QiMen/internal/core/credential/pool.go:202.2,203.16 2 2
github.com/LCUstinian/FG-QiMen/internal/core/credential/pool.go:203.16,205.3 1 0
github.com/LCUstinian/FG-QiMen/internal/core/credential/pool.go:206.2,207.16 2 2
github.com/LCUstinian/FG-QiMen/internal/core/credential/pool.go:207.16,209.3 1 0
github.com/LCUstinian/FG-QiMen/internal/core/credential/pool.go:213.2,213.27 1 2
github.com/LCUstinian/FG-QiMen/internal/core/credential/pool.go:213.27,215.3 1 0
github.com/LCUstinian/FG-QiMen/internal/core/credential/pool.go:216.2,216.29 1 2
github.com/LCUstinian/FG-QiMen/internal/core/credential/pool.go:216.29,218.3 1 0
github.com/LCUstinian/FG-QiMen/internal/core/credential/pool.go:222.2,222.41 1 2
github.com/LCUstinian/FG-QiMen/internal/core/credential/pool.go:222.41,224.3 1 0
github.com/LCUstinian/FG-QiMen/internal/core/credential/pool.go:228.2,228.21 1 2
github.com/LCUstinian/FG-QiMen/internal/core/credential/pool.go:228.21,230.3 1 0
github.com/LCUstinian/FG-QiMen/internal/core/credential/pool.go:231.2,231.22 1 2
github.com/LCUstinian/FG-QiMen/internal/core/credential/pool.go:231.22,233.3 1 0
github.com/LCUstinian/FG-QiMen/internal/core/credential/pool.go:237.2,238.37 2 2
github.com/LCUstinian/FG-QiMen/internal/core/credential/pool.go:238.37,240.3 1 0
github.com/LCUstinian/FG-QiMen/internal/core/credential/pool.go:242.2,243.26 2 2
github.com/LCUstinian/FG-QiMen/internal/core/credential/pool.go:243.26,245.14 2 5
github.com/LCUstinian/FG-QiMen/internal/core/credential/pool.go:245.14,246.12 1 0
github.com/LCUstinian/FG-QiMen/internal/core/credential/pool.go:248.3,248.28 1 5
github.com/LCUstinian/FG-QiMen/internal/core/credential/pool.go:248.28,253.56 2 10
github.com/LCUstinian/FG-QiMen/internal/core/credential/pool.go:253.56,255.5 1 8
github.com/LCUstinian/FG-QiMen/internal/core/credential/pool.go:258.2,258.19 1 2
github.com/LCUstinian/FG-QiMen/internal/core/credential/pool.go:279.68,282.20 3 4
github.com/LCUstinian/FG-QiMen/internal/core/credential/pool.go:282.20,284.3 1 2
github.com/LCUstinian/FG-QiMen/internal/core/credential/pool.go:285.2,286.16 2 2
github.com/LCUstinian/FG-QiMen/internal/core/credential/pool.go:286.16,288.3 1 0
github.com/LCUstinian/FG-QiMen/internal/core/credential/pool.go:289.2,294.21 4 2
github.com/LCUstinian/FG-QiMen/internal/core/credential/pool.go:294.21,296.49 2 6
github.com/LCUstinian/FG-QiMen/internal/core/credential/pool.go:296.49,297.12 1 1
github.com/LCUstinian/FG-QiMen/internal/core/credential/pool.go:299.3,299.26 1 5
github.com/LCUstinian/FG-QiMen/internal/core/credential/pool.go:301.2,301.27 1 2
github.com/LCUstinian/FG-QiMen/internal/core/credential/protocol.go:58.35,61.37 3 30
github.com/LCUstinian/FG-QiMen/internal/core/credential/protocol.go:61.37,62.79 1 0
github.com/LCUstinian/FG-QiMen/internal/core/credential/protocol.go:64.2,64.25 1 30
github.com/LCUstinian/FG-QiMen/internal/core/credential/protocol.go:70.61,75.2 4 0
github.com/LCUstinian/FG-QiMen/internal/core/credential/protocol.go:85.32,89.24 4 1
github.com/LCUstinian/FG-QiMen/internal/core/credential/protocol.go:89.24,91.3 1 30
github.com/LCUstinian/FG-QiMen/internal/core/credential/protocol.go:92.2,92.12 1 1
github.com/LCUstinian/FG-QiMen/internal/core/credential/scheduler.go:43.49,49.2 1 1
github.com/LCUstinian/FG-QiMen/internal/core/credential/scheduler.go:71.36,71.44 1 1
github.com/LCUstinian/FG-QiMen/internal/core/credential/scheduler.go:77.32,77.33 0 0
github.com/LCUstinian/FG-QiMen/internal/core/credential/scheduler.go:85.53,86.29 1 6
github.com/LCUstinian/FG-QiMen/internal/core/credential/scheduler.go:86.29,88.3 1 0
github.com/LCUstinian/FG-QiMen/internal/core/credential/scheduler.go:89.2,89.33 1 6
github.com/LCUstinian/FG-QiMen/internal/core/credential/scheduler.go:89.33,91.3 1 4
github.com/LCUstinian/FG-QiMen/internal/core/credential/scheduler.go:92.2,92.21 1 6
github.com/LCUstinian/FG-QiMen/internal/core/credential/scheduler.go:92.21,94.3 1 5
github.com/LCUstinian/FG-QiMen/internal/core/credential/scheduler.go:95.2,95.31 1 6
github.com/LCUstinian/FG-QiMen/internal/core/credential/scheduler.go:109.78,110.17 1 6
github.com/LCUstinian/FG-QiMen/internal/core/credential/scheduler.go:110.17,112.3 1 0
github.com/LCUstinian/FG-QiMen/internal/core/credential/scheduler.go:113.2,117.28 4 6
github.com/LCUstinian/FG-QiMen/internal/core/credential/scheduler.go:117.28,118.10 1 38
github.com/LCUstinian/FG-QiMen/internal/core/credential/scheduler.go:119.21,121.10 2 1
github.com/LCUstinian/FG-QiMen/internal/core/credential/scheduler.go:122.26,122.26 0 37
github.com/LCUstinian/FG-QiMen/internal/core/credential/scheduler.go:124.3,125.21 2 37
github.com/LCUstinian/FG-QiMen/internal/core/credential/scheduler.go:125.21,127.17 2 37
github.com/LCUstinian/FG-QiMen/internal/core/credential/scheduler.go:127.17,127.26 1 37
github.com/LCUstinian/FG-QiMen/internal/core/credential/scheduler.go:128.4,128.36 1 37
github.com/LCUstinian/FG-QiMen/internal/core/credential/scheduler.go:131.2,131.11 1 5
github.com/LCUstinian/FG-QiMen/internal/core/credential/scheduler.go:135.98,157.20 7 37
github.com/LCUstinian/FG-QiMen/internal/core/credential/scheduler.go:157.20,159.37 2 29
github.com/LCUstinian/FG-QiMen/internal/core/credential/scheduler.go:159.37,162.11 3 25
github.com/LCUstinian/FG-QiMen/internal/core/credential/scheduler.go:163.22,165.11 2 0
github.com/LCUstinian/FG-QiMen/internal/core/credential/scheduler.go:166.15,166.15 0 25
github.com/LCUstinian/FG-QiMen/internal/core/credential/scheduler.go:173.2,174.29 2 37
github.com/LCUstinian/FG-QiMen/internal/core/credential/scheduler.go:174.29,176.3 1 37
github.com/LCUstinian/FG-QiMen/internal/core/credential/scheduler.go:177.2,178.16 2 37
github.com/LCUstinian/FG-QiMen/internal/core/credential/scheduler.go:178.16,184.3 1 2
github.com/LCUstinian/FG-QiMen/internal/core/credential/scheduler.go:185.2,185.16 1 35
github.com/LCUstinian/FG-QiMen/internal/core/credential/scheduler.go:185.16,190.3 4 1
github.com/LCUstinian/FG-QiMen/internal/core/credential/scheduler.go:195.25,196.12 1 37
github.com/LCUstinian/FG-QiMen/internal/core/credential/scheduler.go:196.12,198.3 1 0
github.com/LCUstinian/FG-QiMen/internal/core/credential/scheduler.go:199.2,200.9 2 37
github.com/LCUstinian/FG-QiMen/internal/core/credential/scheduler.go:200.9,202.3 1 0
github.com/LCUstinian/FG-QiMen/internal/core/credential/scheduler.go:203.2,205.12 3 37
github.com/LCUstinian/FG-QiMen/internal/core/credential/scheduler.go:205.12,209.3 3 73
github.com/LCUstinian/FG-QiMen/internal/core/credential/scheduler.go:210.2,210.9 1 37
github.com/LCUstinian/FG-QiMen/internal/core/credential/scheduler.go:210.9,213.3 2 0
github.com/LCUstinian/FG-QiMen/internal/core/credential/scheduler.go:214.2,214.24 1 37
github.com/LCUstinian/FG-QiMen/internal/core/credential/auth/email/imap.go:39.48,39.79 1 5
github.com/LCUstinian/FG-QiMen/internal/core/credential/auth/email/imap.go:42.43,42.60 1 2
github.com/LCUstinian/FG-QiMen/internal/core/credential/auth/email/imap.go:45.50,47.2 1 0
github.com/LCUstinian/FG-QiMen/internal/core/credential/auth/email/imap.go:51.159,52.21 1 4
github.com/LCUstinian/FG-QiMen/internal/core/credential/auth/email/imap.go:52.21,54.3 1 1
github.com/LCUstinian/FG-QiMen/internal/core/credential/auth/email/imap.go:55.2,55.26 1 3
github.com/LCUstinian/FG-QiMen/internal/core/credential/auth/email/imap.go:55.26,56.23 1 3
github.com/LCUstinian/FG-QiMen/internal/core/credential/auth/email/imap.go:56.23,58.4 1 0
github.com/LCUstinian/FG-QiMen/internal/core/credential/auth/email/imap.go:59.3,59.60 1 3
github.com/LCUstinian/FG-QiMen/internal/core/credential/auth/email/imap.go:59.60,60.12 1 0
github.com/LCUstinian/FG-QiMen/internal/core/credential/auth/email/imap.go:62.3,63.17 2 3
github.com/LCUstinian/FG-QiMen/internal/core/credential/auth/email/imap.go:63.17,65.4 1 1
github.com/LCUstinian/FG-QiMen/internal/core/credential/auth/email/imap.go:66.3,66.9 1 2
github.com/LCUstinian/FG-QiMen/internal/core/credential/auth/email/imap.go:66.9,72.4 1 1
github.com/LCUstinian/FG-QiMen/internal/core/credential/auth/email/imap.go:74.2,74.17 1 1
github.com/LCUstinian/FG-QiMen/internal/core/credential/auth/email/imap.go:82.137,84.16 2 3
github.com/LCUstinian/FG-QiMen/internal/core/credential/auth/email/imap.go:84.16,86.3 1 1
github.com/LCUstinian/FG-QiMen/internal/core/credential/auth/email/imap.go:87.2,92.17 2 2
github.com/LCUstinian/FG-QiMen/internal/core/credential/auth/email/imap.go:92.17,94.55 2 0
github.com/LCUstinian/FG-QiMen/internal/core/credential/auth/email/imap.go:94.55,96.4 1 0
github.com/LCUstinian/FG-QiMen/internal/core/credential/auth/email/imap.go:97.3,97.17 1 0
github.com/LCUstinian/FG-QiMen/internal/core/credential/auth/email/imap.go:99.2,104.16 4 2
github.com/LCUstinian/FG-QiMen/internal/core/credential/auth/email/imap.go:104.16,106.3 1 0
github.com/LCUstinian/FG-QiMen/internal/core/credential/auth/email/imap.go:107.2,110.89 2 2
github.com/LCUstinian/FG-QiMen/internal/core/credential/auth/email/imap.go:110.89,112.3 1 0
github.com/LCUstinian/FG-QiMen/internal/core/credential/auth/email/imap.go:113.2,113.35 1 2
github.com/LCUstinian/FG-QiMen/internal/core/credential/auth/email/imap.go:113.35,115.3 1 0
github.com/LCUstinian/FG-QiMen/internal/core/credential/auth/email/imap.go:117.2,118.6 2 2
github.com/LCUstinian/FG-QiMen/internal/core/credential/auth/email/imap.go:118.6,120.17 2 2
github.com/LCUstinian/FG-QiMen/internal/core/credential/auth/email/imap.go:120.17,121.9 1 0
github.com/LCUstinian/FG-QiMen/internal/core/credential/auth/email/imap.go:123.3,124.42 2 2
github.com/LCUstinian/FG-QiMen/internal/core/credential/auth/email/imap.go:124.42,126.9 2 1
github.com/LCUstinian/FG-QiMen/internal/core/credential/auth/email/imap.go:128.3,128.82 1 1
github.com/LCUstinian/FG-QiMen/internal/core/credential/auth/email/imap.go:128.82,129.9 1 1
github.com/LCUstinian/FG-QiMen/internal/core/credential/auth/email/imap.go:135.2,137.16 3 2
github.com/LCUstinian/FG-QiMen/internal/core/credential/auth/email/imap.go:141.13,143.2 1 1
github.com/LCUstinian/FG-QiMen/internal/core/credential/auth/email/pop3.go:38.48,38.79 1 5
github.com/LCUstinian/FG-QiMen/internal/core/credential/auth/email/pop3.go:41.43,41.60 1 2
github.com/LCUstinian/FG-QiMen/internal/core/credential/auth/email/pop3.go:44.50,46.2 1 0
github.com/LCUstinian/FG-QiMen/internal/core/credential/auth/email/pop3.go:51.159,52.21 1 4
github.com/LCUstinian/FG-QiMen/internal/core/credential/auth/email/pop3.go:52.21,54.3 1 1
github.com/LCUstinian/FG-QiMen/internal/core/credential/auth/email/pop3.go:55.2,55.26 1 3
github.com/LCUstinian/FG-QiMen/internal/core/credential/auth/email/pop3.go:55.26,56.23 1 3
github.com/LCUstinian/FG-QiMen/internal/core/credential/auth/email/pop3.go:56.23,58.4 1 0
github.com/LCUstinian/FG-QiMen/internal/core/credential/auth/email/pop3.go:59.3,59.60 1 3
github.com/LCUstinian/FG-QiMen/internal/core/credential/auth/email/pop3.go:59.60,60.12 1 0
github.com/LCUstinian/FG-QiMen/internal/core/credential/auth/email/pop3.go:62.3,63.17 2 3
github.com/LCUstinian/FG-QiMen/internal/core/credential/auth/email/pop3.go:63.17,65.4 1 1
github.com/LCUstinian/FG-QiMen/internal/core/credential/auth/email/pop3.go:66.3,66.9 1 2
github.com/LCUstinian/FG-QiMen/internal/core/credential/auth/email/pop3.go:66.9,72.4 1 1
github.com/LCUstinian/FG-QiMen/internal/core/credential/auth/email/pop3.go:74.2,74.17 1 1
github.com/LCUstinian/FG-QiMen/internal/core/credential/auth/email/pop3.go:83.137,85.16 2 3
github.com/LCUstinian/FG-QiMen/internal/core/credential/auth/email/pop3.go:85.16,87.3 1 1
github.com/LCUstinian/FG-QiMen/internal/core/credential/auth/email/pop3.go:88.2,93.17 2 2
github.com/LCUstinian/FG-QiMen/internal/core/credential/auth/email/pop3.go:93.17,95.55 2 0
github.com/LCUstinian/FG-QiMen/internal/core/credential/auth/email/pop3.go:95.55,97.4 1 0
github.com/LCUstinian/FG-QiMen/internal/core/credential/auth/email/pop3.go:98.3,98.17 1 0
github.com/LCUstinian/FG-QiMen/internal/core/credential/auth/email/pop3.go:100.2,103.21 3 2
github.com/LCUstinian/FG-QiMen/internal/core/credential/auth/email/pop3.go:103.21,105.3 1 0
github.com/LCUstinian/FG-QiMen/internal/core/credential/auth/email/pop3.go:107.2,107.67 1 2
github.com/LCUstinian/FG-QiMen/internal/core/credential/auth/email/pop3.go:107.67,109.3 1 0
github.com/LCUstinian/FG-QiMen/internal/core/credential/auth/email/pop3.go:110.2,110.35 1 2
github.com/LCUstinian/FG-QiMen/internal/core/credential/auth/email/pop3.go:110.35,112.3 1 0
github.com/LCUstinian/FG-QiMen/internal/core/credential/auth/email/pop3.go:113.2,113.21 1 2
github.com/LCUstinian/FG-QiMen/internal/core/credential/auth/email/pop3.go:113.21,115.3 1 0
github.com/LCUstinian/FG-QiMen/internal/core/credential/auth/email/pop3.go:117.2,117.67 1 2
github.com/LCUstinian/FG-QiMen/internal/core/credential/auth/email/pop3.go:117.67,119.3 1 0
github.com/LCUstinian/FG-QiMen/internal/core/credential/auth/email/pop3.go:120.2,120.35 1 2
github.com/LCUstinian/FG-QiMen/internal/core/credential/auth/email/pop3.go:120.35,122.3 1 0
github.com/LCUstinian/FG-QiMen/internal/core/credential/auth/email/pop3.go:123.2,127.16 4 2
github.com/LCUstinian/FG-QiMen/internal/core/credential/auth/email/pop3.go:132.40,134.16 2 6
github.com/LCUstinian/FG-QiMen/internal/core/credential/auth/email/pop3.go:134.16,136.3 1 0
github.com/LCUstinian/FG-QiMen/internal/core/credential/auth/email/pop3.go:137.2,137.66 1 6
github.com/LCUstinian/FG-QiMen/internal/core/credential/auth/email/pop3.go:141.13,143.2 1 1
github.com/LCUstinian/FG-QiMen/internal/core/credential/auth/email/smtp.go:45.48,45.79 1 1
github.com/LCUstinian/FG-QiMen/internal/core/credential/auth/email/smtp.go:47.13,47.60 1 1
github.com/LCUstinian/FG-QiMen/internal/core/credential/auth/email/smtp.go:50.43,50.60 1 2
github.com/LCUstinian/FG-QiMen/internal/core/credential/auth/email/smtp.go:55.50,55.80 1 0
github.com/LCUstinian/FG-QiMen/internal/core/credential/auth/email/smtp.go:59.159,60.21 1 0
github.com/LCUstinian/FG-QiMen/internal/core/credential/auth/email/smtp.go:60.21,62.3 1 0
github.com/LCUstinian/FG-QiMen/internal/core/credential/auth/email/smtp.go:63.2,63.26 1 0
github.com/LCUstinian/FG-QiMen/internal/core/credential/auth/email/smtp.go:63.26,64.23 1 0
github.com/LCUstinian/FG-QiMen/internal/core/credential/auth/email/smtp.go:64.23,66.4 1 0
github.com/LCUstinian/FG-QiMen/internal/core/credential/auth/email/smtp.go:67.3,67.60 1 0
github.com/LCUstinian/FG-QiMen/internal/core/credential/auth/email/smtp.go:67.60,68.12 1 0
github.com/LCUstinian/FG-QiMen/internal/core/credential/auth/email/smtp.go:70.3,71.17 2 0
github.com/LCUstinian/FG-QiMen/internal/core/credential/auth/email/smtp.go:71.17,73.4 1 0
github.com/LCUstinian/FG-QiMen/internal/core/credential/auth/email/smtp.go:74.3,74.9 1 0
github.com/LCUstinian/FG-QiMen/internal/core/credential/auth/email/smtp.go:74.9,80.4 1 0
github.com/LCUstinian/FG-QiMen/internal/core/credential/auth/email/smtp.go:82.2,82.17 1 0
github.com/LCUstinian/FG-QiMen/internal/core/credential/auth/email/smtp.go:86.137,88.16 2 0
github.com/LCUstinian/FG-QiMen/internal/core/credential/auth/email/smtp.go:88.16,90.3 1 0
github.com/LCUstinian/FG-QiMen/internal/core/credential/auth/email/smtp.go:91.2,93.17 2 0
github.com/LCUstinian/FG-QiMen/internal/core/credential/auth/email/smtp.go:93.17,98.55 2 0
github.com/LCUstinian/FG-QiMen/internal/core/credential/auth/email/smtp.go:98.55,100.4 1 0
github.com/LCUstinian/FG-QiMen/internal/core/credential/auth/email/smtp.go:101.3,101.17 1 0
github.com/LCUstinian/FG-QiMen/internal/core/credential/auth/email/smtp.go:103.2,106.67 2 0
github.com/LCUstinian/FG-QiMen/internal/core/credential/auth/email/smtp.go:106.67,108.3 1 0
github.com/LCUstinian/FG-QiMen/internal/core/credential/auth/email/smtp.go:109.2,109.36 1 0
github.com/LCUstinian/FG-QiMen/internal/core/credential/auth/email/smtp.go:109.36,111.3 1 0
github.com/LCUstinian/FG-QiMen/internal/core/credential/auth/email/smtp.go:114.2,114.64 1 0
github.com/LCUstinian/FG-QiMen/internal/core/credential/auth/email/smtp.go:114.64,116.3 1 0
github.com/LCUstinian/FG-QiMen/internal/core/credential/auth/email/smtp.go:117.2,118.24 2 0
github.com/LCUstinian/FG-QiMen/internal/core/credential/auth/email/smtp.go:118.24,120.3 1 0
github.com/LCUstinian/FG-QiMen/internal/core/credential/auth/email/smtp.go:121.2,124.93 2 0
github.com/LCUstinian/FG-QiMen/internal/core/credential/auth/email/smtp.go:124.93,126.3 1 0
github.com/LCUstinian/FG-QiMen/internal/core/credential/auth/email/smtp.go:127.2,128.24 2 0
github.com/LCUstinian/FG-QiMen/internal/core/credential/auth/email/smtp.go:128.24,130.3 1 0
github.com/LCUstinian/FG-QiMen/internal/core/credential/auth/email/smtp.go:133.2,133.93 1 0
github.com/LCUstinian/FG-QiMen/internal/core/credential/auth/email/smtp.go:133.93,135.3 1 0
github.com/LCUstinian/FG-QiMen/internal/core/credential/auth/email/smtp.go:136.2,137.9 2 0
github.com/LCUstinian/FG-QiMen/internal/core/credential/auth/email/smtp.go:137.9,139.3 1 0
github.com/LCUstinian/FG-QiMen/internal/core/credential/auth/email/smtp.go:141.2,141.25 1 0
github.com/LCUstinian/FG-QiMen/internal/core/credential/auth/email/smtp.go:148.28,152.2 3 0
github.com/LCUstinian/FG-QiMen/internal/core/credential/auth/email/smtp.go:158.26,161.2 2 0
github.com/LCUstinian/FG-QiMen/internal/core/credential/auth/email/smtp.go:167.37,169.6 2 0
github.com/LCUstinian/FG-QiMen/internal/core/credential/auth/email/smtp.go:169.6,171.17 2 0
github.com/LCUstinian/FG-QiMen/internal/core/credential/auth/email/smtp.go:171.17,173.4 1 0
github.com/LCUstinian/FG-QiMen/internal/core/credential/auth/email/smtp.go:179.3,179.39 1 0
github.com/LCUstinian/FG-QiMen/internal/core/credential/auth/email/smtp.go:179.39,181.79 2 0
github.com/LCUstinian/FG-QiMen/internal/core/credential/auth/email/smtp.go:181.79,183.5 1 0
github.com/LCUstinian/FG-QiMen/internal/core/credential/auth/email/smtp.go:184.4,184.16 1 0
github.com/LCUstinian/FG-QiMen/internal/core/credential/auth/email/smtp.go:193.42,196.6 3 0
github.com/LCUstinian/FG-QiMen/internal/core/credential/auth/email/smtp.go:196.6,198.17 2 0
github.com/LCUstinian/FG-QiMen/internal/core/credential/auth/email/smtp.go:198.17,200.4 1 0
github.com/LCUstinian/FG-QiMen/internal/core/credential/auth/email/smtp.go:201.3,202.39 2 0
github.com/LCUstinian/FG-QiMen/internal/core/credential/auth/email/smtp.go:202.39,204.63 2 0
github.com/LCUstinian/FG-QiMen/internal/core/credential/auth/email/smtp.go:204.63,206.5 1 0
github.com/LCUstinian/FG-QiMen/internal/core/credential/auth/email/smtp.go:207.4,207.44 1 0
github.com/LCUstinian/FG-QiMen/internal/core/credential/auth/filestorage/nfs.go:38.46,38.76 1 4
github.com/LCUstinian/FG-QiMen/internal/core/credential/auth/filestorage/nfs.go:41.42,41.58 1 2
github.com/LCUstinian/FG-QiMen/internal/core/credential/auth/filestorage/nfs.go:44.49,46.2 1 0
github.com/LCUstinian/FG-QiMen/internal/core/credential/auth/filestorage/nfs.go:58.158,59.21 1 3
github.com/LCUstinian/FG-QiMen/internal/core/credential/auth/filestorage/nfs.go:59.21,61.3 1 1
github.com/LCUstinian/FG-QiMen/internal/core/credential/auth/filestorage/nfs.go:62.2,62.22 1 2
github.com/LCUstinian/FG-QiMen/internal/core/credential/auth/filestorage/nfs.go:62.22,64.3 1 0
github.com/LCUstinian/FG-QiMen/internal/core/credential/auth/filestorage/nfs.go:65.2,66.16 2 2
github.com/LCUstinian/FG-QiMen/internal/core/credential/auth/filestorage/nfs.go:66.16,68.3 1 2
github.com/LCUstinian/FG-QiMen/internal/core/credential/auth/filestorage/nfs.go:69.2,69.9 1 0
github.com/LCUstinian/FG-QiMen/internal/core/credential/auth/filestorage/nfs.go:69.9,71.3 1 0
github.com/LCUstinian/FG-QiMen/internal/core/credential/auth/filestorage/nfs.go:72.2,76.8 1 0
github.com/LCUstinian/FG-QiMen/internal/core/credential/auth/filestorage/nfs.go:91.117,93.16 2 2
github.com/LCUstinian/FG-QiMen/internal/core/credential/auth/filestorage/nfs.go:93.16,95.3 1 2
github.com/LCUstinian/FG-QiMen/internal/core/credential/auth/filestorage/nfs.go:96.2,160.44 18 0
github.com/LCUstinian/FG-QiMen/internal/core/credential/auth/filestorage/nfs.go:160.44,162.3 1 0
github.com/LCUstinian/FG-QiMen/internal/core/credential/auth/filestorage/nfs.go:167.2,169.16 3 0
github.com/LCUstinian/FG-QiMen/internal/core/credential/auth/filestorage/nfs.go:169.16,171.3 1 0
github.com/LCUstinian/FG-QiMen/internal/core/credential/auth/filestorage/nfs.go:172.2,172.12 1 0
github.com/LCUstinian/FG-QiMen/internal/core/credential/auth/filestorage/nfs.go:172.12,174.3 1 0
github.com/LCUstinian/FG-QiMen/internal/core/credential/auth/filestorage/nfs.go:176.2,176.64 1 0
github.com/LCUstinian/FG-QiMen/internal/core/credential/auth/filestorage/nfs.go:176.64,178.3 1 0
github.com/LCUstinian/FG-QiMen/internal/core/credential/auth/filestorage/nfs.go:179.2,179.18 1 0
github.com/LCUstinian/FG-QiMen/internal/core/credential/auth/filestorage/nfs.go:182.55,184.23 2 0
github.com/LCUstinian/FG-QiMen/internal/core/credential/auth/filestorage/nfs.go:184.23,187.17 3 0
github.com/LCUstinian/FG-QiMen/internal/core/credential/auth/filestorage/nfs.go:187.17,189.4 1 0
github.com/LCUstinian/FG-QiMen/internal/core/credential/auth/filestorage/nfs.go:191.2,191.19 1 0
github.com/LCUstinian/FG-QiMen/internal/core/credential/auth/filestorage/nfs.go:195.13,197.2 1 1
github.com/LCUstinian/FG-QiMen/internal/core/credential/auth/filestorage/rsync.go:49.50,49.82 1 5
github.com/LCUstinian/FG-QiMen/internal/core/credential/auth/filestorage/rsync.go:52.44,52.62 1 2
github.com/LCUstinian/FG-QiMen/internal/core/credential/auth/filestorage/rsync.go:55.51,57.2 1 0
github.com/LCUstinian/FG-QiMen/internal/core/credential/auth/filestorage/rsync.go:61.160,62.21 1 4
github.com/LCUstinian/FG-QiMen/internal/core/credential/auth/filestorage/rsync.go:62.21,64.3 1 1
github.com/LCUstinian/FG-QiMen/internal/core/credential/auth/filestorage/rsync.go:65.2,65.26 1 3
github.com/LCUstinian/FG-QiMen/internal/core/credential/auth/filestorage/rsync.go:65.26,66.23 1 3
github.com/LCUstinian/FG-QiMen/internal/core/credential/auth/filestorage/rsync.go:66.23,68.4 1 0
github.com/LCUstinian/FG-QiMen/internal/core/credential/auth/filestorage/rsync.go:69.3,69.60 1 3
github.com/LCUstinian/FG-QiMen/internal/core/credential/auth/filestorage/rsync.go:69.60,70.12 1 0
github.com/LCUstinian/FG-QiMen/internal/core/credential/auth/filestorage/rsync.go:72.3,73.17 2 3
github.com/LCUstinian/FG-QiMen/internal/core/credential/auth/filestorage/rsync.go:73.17,75.4 1 1
github.com/LCUstinian/FG-QiMen/internal/core/credential/auth/filestorage/rsync.go:76.3,76.9 1 2
github.com/LCUstinian/FG-QiMen/internal/core/credential/auth/filestorage/rsync.go:76.9,82.4 1 1
github.com/LCUstinian/FG-QiMen/internal/core/credential/auth/filestorage/rsync.go:84.2,84.17 1 1
github.com/LCUstinian/FG-QiMen/internal/core/credential/auth/filestorage/rsync.go:101.138,103.16 2 3
github.com/LCUstinian/FG-QiMen/internal/core/credential/auth/filestorage/rsync.go:103.16,105.3 1 1
github.com/LCUstinian/FG-QiMen/internal/core/credential/auth/filestorage/rsync.go:106.2,114.16 6 2
github.com/LCUstinian/FG-QiMen/internal/core/credential/auth/filestorage/rsync.go:114.16,116.3 1 0
github.com/LCUstinian/FG-QiMen/internal/core/credential/auth/filestorage/rsync.go:117.2,117.43 1 2
github.com/LCUstinian/FG-QiMen/internal/core/credential/auth/filestorage/rsync.go:117.43,119.3 1 0
github.com/LCUstinian/FG-QiMen/internal/core/credential/auth/filestorage/rsync.go:121.2,121.61 1 2
github.com/LCUstinian/FG-QiMen/internal/core/credential/auth/filestorage/rsync.go:121.61,123.3 1 0
github.com/LCUstinian/FG-QiMen/internal/core/credential/auth/filestorage/rsync.go:124.2,124.35 1 2
github.com/LCUstinian/FG-QiMen/internal/core/credential/auth/filestorage/rsync.go:124.35,126.3 1 0
github.com/LCUstinian/FG-QiMen/internal/core/credential/auth/filestorage/rsync.go:129.2,130.16 2 2
github.com/LCUstinian/FG-QiMen/internal/core/credential/auth/filestorage/rsync.go:130.16,132.3 1 0
github.com/LCUstinian/FG-QiMen/internal/core/credential/auth/filestorage/rsync.go:133.2,136.42 2 2
github.com/LCUstinian/FG-QiMen/internal/core/credential/auth/filestorage/rsync.go:136.42,137.56 1 2
github.com/LCUstinian/FG-QiMen/internal/core/credential/auth/filestorage/rsync.go:137.56,139.4 1 0
github.com/LCUstinian/FG-QiMen/internal/core/credential/auth/filestorage/rsync.go:140.3,140.36 1 2
github.com/LCUstinian/FG-QiMen/internal/core/credential/auth/filestorage/rsync.go:140.36,142.4 1 0
github.com/LCUstinian/FG-QiMen/internal/core/credential/auth/filestorage/rsync.go:145.3,146.56 2 2
github.com/LCUstinian/FG-QiMen/internal/core/credential/auth/filestorage/rsync.go:146.56,148.4 1 0
github.com/LCUstinian/FG-QiMen/internal/core/credential/auth/filestorage/rsync.go:150.3,151.49 2 2
github.com/LCUstinian/FG-QiMen/internal/core/credential/auth/filestorage/rsync.go:151.49,153.4 1 0
github.com/LCUstinian/FG-QiMen/internal/core/credential/auth/filestorage/rsync.go:154.8,154.49 1 0
github.com/LCUstinian/FG-QiMen/internal/core/credential/auth/filestorage/rsync.go:154.49,163.56 2 0
github.com/LCUstinian/FG-QiMen/internal/core/credential/auth/filestorage/rsync.go:163.56,165.4 1 0
github.com/LCUstinian/FG-QiMen/internal/core/credential/auth/filestorage/rsync.go:166.3,167.49 2 0
github.com/LCUstinian/FG-QiMen/internal/core/credential/auth/filestorage/rsync.go:167.49,169.4 1 0
github.com/LCUstinian/FG-QiMen/internal/core/credential/auth/filestorage/rsync.go:170.8,172.3 1 0
github.com/LCUstinian/FG-QiMen/internal/core/credential/auth/filestorage/rsync.go:175.2,176.16 2 2
github.com/LCUstinian/FG-QiMen/internal/core/credential/auth/filestorage/rsync.go:176.16,178.3 1 0
github.com/LCUstinian/FG-QiMen/internal/core/credential/auth/filestorage/rsync.go:179.2,179.80 1 2
github.com/LCUstinian/FG-QiMen/internal/core/credential/auth/filestorage/rsync.go:189.54,197.25 6 2
github.com/LCUstinian/FG-QiMen/internal/core/credential/auth/filestorage/rsync.go:197.25,199.26 2 8
github.com/LCUstinian/FG-QiMen/internal/core/credential/auth/filestorage/rsync.go:199.26,201.4 1 32
github.com/LCUstinian/FG-QiMen/internal/core/credential/auth/filestorage/rsync.go:206.2,208.26 3 2
github.com/LCUstinian/FG-QiMen/internal/core/credential/auth/filestorage/rsync.go:208.26,210.3 1 30
github.com/LCUstinian/FG-QiMen/internal/core/credential/auth/filestorage/rsync.go:211.2,211.12 1 2
github.com/LCUstinian/FG-QiMen/internal/core/credential/auth/filestorage/rsync.go:214.54,216.23 2 2
github.com/LCUstinian/FG-QiMen/internal/core/credential/auth/filestorage/rsync.go:216.23,219.17 3 2
github.com/LCUstinian/FG-QiMen/internal/core/credential/auth/filestorage/rsync.go:219.17,221.4 1 0
github.com/LCUstinian/FG-QiMen/internal/core/credential/auth/filestorage/rsync.go:223.2,223.19 1 2
github.com/LCUstinian/FG-QiMen/internal/core/credential/auth/filestorage/rsync.go:227.13,229.2 1 1
github.com/LCUstinian/FG-QiMen/internal/core/credential/auth/filestorage/smb.go:31.46,31.76 1 2
github.com/LCUstinian/FG-QiMen/internal/core/credential/auth/filestorage/smb.go:33.13,33.59 1 1
github.com/LCUstinian/FG-QiMen/internal/core/credential/auth/filestorage/smb.go:36.42,36.58 1 2
github.com/LCUstinian/FG-QiMen/internal/core/credential/auth/filestorage/smb.go:39.49,39.75 1 0
github.com/LCUstinian/FG-QiMen/internal/core/credential/auth/filestorage/smb.go:54.158,55.21 1 1
github.com/LCUstinian/FG-QiMen/internal/core/credential/auth/filestorage/smb.go:55.21,57.3 1 0
github.com/LCUstinian/FG-QiMen/internal/core/credential/auth/filestorage/smb.go:58.2,58.26 1 1
github.com/LCUstinian/FG-QiMen/internal/core/credential/auth/filestorage/smb.go:58.26,59.23 1 1
github.com/LCUstinian/FG-QiMen/internal/core/credential/auth/filestorage/smb.go:59.23,61.4 1 0
github.com/LCUstinian/FG-QiMen/internal/core/credential/auth/filestorage/smb.go:62.3,62.60 1 1
github.com/LCUstinian/FG-QiMen/internal/core/credential/auth/filestorage/smb.go:62.60,63.12 1 0
github.com/LCUstinian/FG-QiMen/internal/core/credential/auth/filestorage/smb.go:72.3,73.17 2 1
github.com/LCUstinian/FG-QiMen/internal/core/credential/auth/filestorage/smb.go:73.17,76.4 1 0
github.com/LCUstinian/FG-QiMen/internal/core/credential/auth/filestorage/smb.go:80.3,81.17 2 1
github.com/LCUstinian/FG-QiMen/internal/core/credential/auth/filestorage/smb.go:81.17,85.4 1 0
github.com/LCUstinian/FG-QiMen/internal/core/credential/auth/filestorage/smb.go:92.3,104.17 4 1
github.com/LCUstinian/FG-QiMen/internal/core/credential/auth/filestorage/smb.go:104.17,109.12 2 1
github.com/LCUstinian/FG-QiMen/internal/core/credential/auth/filestorage/smb.go:114.3,120.9 3 0
github.com/LCUstinian/FG-QiMen/internal/core/credential/auth/filestorage/smb.go:122.2,122.17 1 1
github.com/LCUstinian/FG-QiMen/internal/core/credential/auth/filestorage/smb.go:130.51,131.30 1 1
github.com/LCUstinian/FG-QiMen/internal/core/credential/auth/filestorage/smb.go:131.30,132.19 1 13
github.com/LCUstinian/FG-QiMen/internal/core/credential/auth/filestorage/smb.go:132.19,134.4 1 0
github.com/LCUstinian/FG-QiMen/internal/core/credential/auth/filestorage/smb.go:136.2,136.35 1 1
github.com/LCUstinian/FG-QiMen/internal/core/credential/auth/filestorage/smb.go:136.35,137.18 1 13
github.com/LCUstinian/FG-QiMen/internal/core/credential/auth/filestorage/smb.go:137.18,139.4 1 0
github.com/LCUstinian/FG-QiMen/internal/core/credential/auth/filestorage/smb.go:141.2,141.14 1 1
github.com/LCUstinian/FG-QiMen/internal/core/credential/auth/network/bacnet.go:42.52,42.85 1 4
github.com/LCUstinian/FG-QiMen/internal/core/credential/auth/network/bacnet.go:45.45,45.64 1 2
github.com/LCUstinian/FG-QiMen/internal/core/credential/auth/network/bacnet.go:48.52,50.2 1 0
github.com/LCUstinian/FG-QiMen/internal/core/credential/auth/network/bacnet.go:63.161,64.21 1 3
github.com/LCUstinian/FG-QiMen/internal/core/credential/auth/network/bacnet.go:64.21,66.3 1 1
github.com/LCUstinian/FG-QiMen/internal/core/credential/auth/network/bacnet.go:67.2,67.22 1 2
github.com/LCUstinian/FG-QiMen/internal/core/credential/auth/network/bacnet.go:67.22,69.3 1 0
github.com/LCUstinian/FG-QiMen/internal/core/credential/auth/network/bacnet.go:70.2,72.16 3 2
github.com/LCUstinian/FG-QiMen/internal/core/credential/auth/network/bacnet.go:72.16,74.3 1 0
github.com/LCUstinian/FG-QiMen/internal/core/credential/auth/network/bacnet.go:75.2,75.9 1 2
github.com/LCUstinian/FG-QiMen/internal/core/credential/auth/network/bacnet.go:75.9,77.3 1 2
github.com/LCUstinian/FG-QiMen/internal/core/credential/auth/network/bacnet.go:78.2,82.8 1 0
github.com/LCUstinian/FG-QiMen/internal/core/credential/auth/network/bacnet.go:87.110,90.16 3 2
github.com/LCUstinian/FG-QiMen/internal/core/credential/auth/network/bacnet.go:90.16,92.3 1 0
github.com/LCUstinian/FG-QiMen/internal/core/credential/auth/network/bacnet.go:93.2,130.43 10 2
github.com/LCUstinian/FG-QiMen/internal/core/credential/auth/network/bacnet.go:130.43,132.3 1 0
github.com/LCUstinian/FG-QiMen/internal/core/credential/auth/network/bacnet.go:136.2,138.16 3 2
github.com/LCUstinian/FG-QiMen/internal/core/credential/auth/network/bacnet.go:138.16,140.3 1 2
github.com/LCUstinian/FG-QiMen/internal/core/credential/auth/network/bacnet.go:141.2,141.11 1 0
github.com/LCUstinian/FG-QiMen/internal/core/credential/auth/network/bacnet.go:141.11,143.3 1 0
github.com/LCUstinian/FG-QiMen/internal/core/credential/auth/network/bacnet.go:146.2,146.20 1 0
github.com/LCUstinian/FG-QiMen/internal/core/credential/auth/network/bacnet.go:146.20,148.3 1 0
github.com/LCUstinian/FG-QiMen/internal/core/credential/auth/network/bacnet.go:150.2,150.20 1 0
github.com/LCUstinian/FG-QiMen/internal/core/credential/auth/network/bacnet.go:150.20,152.3 1 0
github.com/LCUstinian/FG-QiMen/internal/core/credential/auth/network/bacnet.go:155.2,155.20 1 0
github.com/LCUstinian/FG-QiMen/internal/core/credential/auth/network/bacnet.go:155.20,157.3 1 0
github.com/LCUstinian/FG-QiMen/internal/core/credential/auth/network/bacnet.go:160.2,160.20 1 0
github.com/LCUstinian/FG-QiMen/internal/core/credential/auth/network/bacnet.go:160.20,162.3 1 0
github.com/LCUstinian/FG-QiMen/internal/core/credential/auth/network/bacnet.go:163.2,163.18 1 0
github.com/LCUstinian/FG-QiMen/internal/core/credential/auth/network/bacnet.go:167.13,169.2 1 1
github.com/LCUstinian/FG-QiMen/internal/core/credential/auth/network/docker.go:50.52,50.85 1 5
github.com/LCUstinian/FG-QiMen/internal/core/credential/auth/network/docker.go:53.45,53.64 1 2
github.com/LCUstinian/FG-QiMen/internal/core/credential/auth/network/docker.go:56.52,58.2 1 0
github.com/LCUstinian/FG-QiMen/internal/core/credential/auth/network/docker.go:63.161,64.21 1 4
github.com/LCUstinian/FG-QiMen/internal/core/credential/auth/network/docker.go:64.21,66.3 1 1
github.com/LCUstinian/FG-QiMen/internal/core/credential/auth/network/docker.go:67.2,68.26 2 3
github.com/LCUstinian/FG-QiMen/internal/core/credential/auth/network/docker.go:68.26,69.23 1 3
github.com/LCUstinian/FG-QiMen/internal/core/credential/auth/network/docker.go:69.23,71.4 1 0
github.com/LCUstinian/FG-QiMen/internal/core/credential/auth/network/docker.go:72.3,72.60 1 3
github.com/LCUstinian/FG-QiMen/internal/core/credential/auth/network/docker.go:72.60,73.12 1 0
github.com/LCUstinian/FG-QiMen/internal/core/credential/auth/network/docker.go:75.3,76.17 2 3
github.com/LCUstinian/FG-QiMen/internal/core/credential/auth/network/docker.go:76.17,78.4 1 1
github.com/LCUstinian/FG-QiMen/internal/core/credential/auth/network/docker.go:79.3,79.9 1 2
github.com/LCUstinian/FG-QiMen/internal/core/credential/auth/network/docker.go:79.9,85.4 1 1
github.com/LCUstinian/FG-QiMen/internal/core/credential/auth/network/docker.go:87.2,87.17 1 1
github.com/LCUstinian/FG-QiMen/internal/core/credential/auth/network/docker.go:96.120,107.38 4 3
github.com/LCUstinian/FG-QiMen/internal/core/credential/auth/network/docker.go:107.38,109.3 1 0
github.com/LCUstinian/FG-QiMen/internal/core/credential/auth/network/docker.go:110.2,112.16 3 3
github.com/LCUstinian/FG-QiMen/internal/core/credential/auth/network/docker.go:112.16,114.3 1 0
github.com/LCUstinian/FG-QiMen/internal/core/credential/auth/network/docker.go:115.2,116.30 2 3
github.com/LCUstinian/FG-QiMen/internal/core/credential/auth/network/docker.go:116.30,118.3 1 3
github.com/LCUstinian/FG-QiMen/internal/core/credential/auth/network/docker.go:119.2,120.16 2 3
github.com/LCUstinian/FG-QiMen/internal/core/credential/auth/network/docker.go:120.16,122.3 1 1
github.com/LCUstinian/FG-QiMen/internal/core/credential/auth/network/docker.go:123.2,125.46 2 2
github.com/LCUstinian/FG-QiMen/internal/core/credential/auth/network/docker.go:129.13,131.2 1 1
github.com/LCUstinian/FG-QiMen/internal/core/credential/auth/network/httpform.go:67.56,69.2 1 7
github.com/LCUstinian/FG-QiMen/internal/core/credential/auth/network/httpform.go:71.13,71.64 1 1
[...]
github.com/LCUstinian/FG-QiMen/internal/core/scanner.go:206.2,207.22 2 1
github.com/LCUstinian/FG-QiMen/internal/core/scanner.go:207.22,209.3 1 0
github.com/LCUstinian/FG-QiMen/internal/core/scanner.go:210.2,211.21 2 1
github.com/LCUstinian/FG-QiMen/internal/core/scanner.go:211.21,213.3 1 1
github.com/LCUstinian/FG-QiMen/internal/core/scanner.go:214.2,214.30 1 1
github.com/LCUstinian/FG-QiMen/internal/core/scanner.go:214.30,216.3 1 0
github.com/LCUstinian/FG-QiMen/internal/core/scanner.go:243.2,244.30 2 1
github.com/LCUstinian/FG-QiMen/internal/core/scanner.go:244.30,247.17 3 0
github.com/LCUstinian/FG-QiMen/internal/core/scanner.go:247.17,249.4 1 0
github.com/LCUstinian/FG-QiMen/internal/core/scanner.go:251.2,252.35 2 1
github.com/LCUstinian/FG-QiMen/internal/core/scanner.go:252.35,254.13 2 10
github.com/LCUstinian/FG-QiMen/internal/core/scanner.go:254.13,257.4 2 10
github.com/LCUstinian/FG-QiMen/internal/core/scanner.go:268.2,269.12 2 1
github.com/LCUstinian/FG-QiMen/internal/core/scanner.go:269.12,273.3 3 1
github.com/LCUstinian/FG-QiMen/internal/core/scanner.go:276.2,277.12 2 1
github.com/LCUstinian/FG-QiMen/internal/core/scanner.go:277.12,280.3 2 1
github.com/LCUstinian/FG-QiMen/internal/core/scanner.go:283.2,287.15 4 1
github.com/LCUstinian/FG-QiMen/internal/core/scanner.go:292.51,294.28 2 2
github.com/LCUstinian/FG-QiMen/internal/core/scanner.go:294.28,296.3 1 2
github.com/LCUstinian/FG-QiMen/internal/core/scanner.go:297.2,297.12 1 2
github.com/LCUstinian/FG-QiMen/internal/core/scanner.go:302.50,307.2 2 1
github.com/LCUstinian/FG-QiMen/internal/workspace/workspace.go:61.42,63.2 1 9
github.com/LCUstinian/FG-QiMen/internal/workspace/workspace.go:99.71,100.16 1 11
github.com/LCUstinian/FG-QiMen/internal/workspace/workspace.go:100.16,102.3 1 4
github.com/LCUstinian/FG-QiMen/internal/workspace/workspace.go:103.2,103.50 1 7
github.com/LCUstinian/FG-QiMen/internal/workspace/workspace.go:103.50,105.3 1 0
github.com/LCUstinian/FG-QiMen/internal/workspace/workspace.go:106.2,106.43 1 7
github.com/LCUstinian/FG-QiMen/internal/workspace/workspace.go:112.45,113.16 1 10
github.com/LCUstinian/FG-QiMen/internal/workspace/workspace.go:113.16,115.3 1 1
github.com/LCUstinian/FG-QiMen/internal/workspace/workspace.go:116.2,116.41 1 9
github.com/LCUstinian/FG-QiMen/internal/workspace/workspace.go:116.41,121.3 1 0
github.com/LCUstinian/FG-QiMen/internal/workspace/workspace.go:125.2,125.34 1 9
github.com/LCUstinian/FG-QiMen/internal/workspace/workspace.go:125.34,130.3 1 0
github.com/LCUstinian/FG-QiMen/internal/workspace/workspace.go:131.2,131.12 1 9
github.com/LCUstinian/FG-QiMen/internal/workspace/workspace.go:137.40,139.16 2 4
github.com/LCUstinian/FG-QiMen/internal/workspace/workspace.go:139.16,141.3 1 0
github.com/LCUstinian/FG-QiMen/internal/workspace/workspace.go:142.2,145.8 1 4
github.com/LCUstinian/FG-QiMen/internal/workspace/workspace.go:162.66,163.16 1 7
github.com/LCUstinian/FG-QiMen/internal/workspace/workspace.go:163.16,165.3 1 0
github.com/LCUstinian/FG-QiMen/internal/workspace/workspace.go:166.2,167.13 2 7
github.com/LCUstinian/FG-QiMen/internal/workspace/workspace.go:167.13,174.3 1 1
github.com/LCUstinian/FG-QiMen/internal/workspace/workspace.go:175.2,175.48 1 6
github.com/LCUstinian/FG-QiMen/internal/workspace/workspace.go:175.48,177.3 1 0
github.com/LCUstinian/FG-QiMen/internal/workspace/workspace.go:178.2,180.16 3 6
github.com/LCUstinian/FG-QiMen/internal/workspace/workspace.go:180.16,191.3 1 0
github.com/LCUstinian/FG-QiMen/internal/workspace/workspace.go:193.2,193.46 1 6
github.com/LCUstinian/FG-QiMen/internal/workspace/workspace.go:193.46,194.85 1 6
github.com/LCUstinian/FG-QiMen/internal/workspace/workspace.go:194.85,195.59 1 18
github.com/LCUstinian/FG-QiMen/internal/workspace/workspace.go:195.59,197.5 1 0
github.com/LCUstinian/FG-QiMen/internal/workspace/workspace.go:199.3,199.13 1 6
github.com/LCUstinian/FG-QiMen/internal/workspace/workspace.go:200.17,203.3 2 0
github.com/LCUstinian/FG-QiMen/internal/workspace/workspace.go:204.2,209.8 1 6
github.com/LCUstinian/FG-QiMen/internal/workspace/workspace.go:214.33,215.29 1 12
github.com/LCUstinian/FG-QiMen/internal/workspace/workspace.go:215.29,217.3 1 6
github.com/LCUstinian/FG-QiMen/internal/workspace/workspace.go:218.2,218.21 1 6
github.com/LCUstinian/FG-QiMen/internal/workspace/workspace.go:223.43,224.30 1 1
github.com/LCUstinian/FG-QiMen/internal/workspace/workspace.go:224.30,226.3 1 1
github.com/LCUstinian/FG-QiMen/internal/workspace/workspace.go:227.2,227.17 1 0
github.com/LCUstinian/FG-QiMen/internal/workspace/workspace.go:227.17,229.3 1 0
github.com/LCUstinian/FG-QiMen/internal/workspace/workspace.go:230.2,231.43 2 0
github.com/LCUstinian/FG-QiMen/internal/workspace/workspace.go:231.43,232.61 1 0
github.com/LCUstinian/FG-QiMen/internal/workspace/workspace.go:232.61,234.17 2 0
github.com/LCUstinian/FG-QiMen/internal/workspace/workspace.go:234.17,235.13 1 0
github.com/LCUstinian/FG-QiMen/internal/workspace/workspace.go:237.4,238.13 2 0
github.com/LCUstinian/FG-QiMen/internal/workspace/workspace.go:239.19,240.10 1 0
github.com/LCUstinian/FG-QiMen/internal/workspace/workspace.go:241.19,242.10 1 0
github.com/LCUstinian/FG-QiMen/internal/workspace/workspace.go:243.17,244.10 1 0
github.com/LCUstinian/FG-QiMen/internal/workspace/workspace.go:247.3,247.13 1 0
github.com/LCUstinian/FG-QiMen/internal/workspace/workspace.go:249.2,249.16 1 0
github.com/LCUstinian/FG-QiMen/internal/workspace/workspace.go:249.16,251.3 1 0
github.com/LCUstinian/FG-QiMen/internal/workspace/workspace.go:252.2,252.96 1 0
github.com/LCUstinian/FG-QiMen/internal/workspace/workspace.go:257.42,259.2 1 2
github.com/LCUstinian/FG-QiMen/internal/workspace/workspace.go:279.73,280.29 1 5
github.com/LCUstinian/FG-QiMen/internal/workspace/workspace.go:280.29,282.3 1 4
github.com/LCUstinian/FG-QiMen/internal/workspace/workspace.go:283.2,283.22 1 1
github.com/LCUstinian/FG-QiMen/internal/workspace/workspace.go:283.22,285.3 1 1
github.com/LCUstinian/FG-QiMen/internal/workspace/workspace.go:286.2,287.16 2 0
github.com/LCUstinian/FG-QiMen/internal/workspace/workspace.go:287.16,291.3 1 0
github.com/LCUstinian/FG-QiMen/internal/workspace/workspace.go:292.2,292.41 1 0
github.com/LCUstinian/FG-QiMen/internal/workspace/workspace.go:301.28,303.2 1 17
github.com/LCUstinian/FG-QiMen/internal/workspace/workspace.go:311.31,314.16 3 2
github.com/LCUstinian/FG-QiMen/internal/workspace/workspace.go:314.16,315.25 1 1
github.com/LCUstinian/FG-QiMen/internal/workspace/workspace.go:315.25,317.4 1 1
github.com/LCUstinian/FG-QiMen/internal/workspace/workspace.go:318.3,318.51 1 0
github.com/LCUstinian/FG-QiMen/internal/workspace/workspace.go:320.2,321.28 2 1
github.com/LCUstinian/FG-QiMen/internal/workspace/workspace.go:321.28,322.17 1 3
github.com/LCUstinian/FG-QiMen/internal/workspace/workspace.go:322.17,323.12 1 1
github.com/LCUstinian/FG-QiMen/internal/workspace/workspace.go:325.3,325.30 1 2
github.com/LCUstinian/FG-QiMen/internal/workspace/workspace.go:327.2,327.17 1 1
github.com/LCUstinian/FG-QiMen/internal/workspace/workspace.go:343.32,344.50 1 3
github.com/LCUstinian/FG-QiMen/internal/workspace/workspace.go:344.50,346.3 1 1
github.com/LCUstinian/FG-QiMen/internal/workspace/workspace.go:347.2,349.16 3 2
github.com/LCUstinian/FG-QiMen/internal/workspace/workspace.go:349.16,351.3 1 0
github.com/LCUstinian/FG-QiMen/internal/workspace/workspace.go:352.2,354.16 3 2
github.com/LCUstinian/FG-QiMen/internal/workspace/workspace.go:354.16,356.3 1 0
github.com/LCUstinian/FG-QiMen/internal/workspace/workspace.go:359.2,359.89 1 2
github.com/LCUstinian/FG-QiMen/internal/workspace/workspace.go:359.89,361.3 1 0
github.com/LCUstinian/FG-QiMen/internal/workspace/workspace.go:362.2,363.16 2 2
github.com/LCUstinian/FG-QiMen/internal/workspace/workspace.go:363.16,365.3 1 1
github.com/LCUstinian/FG-QiMen/internal/workspace/workspace.go:366.2,366.19 1 1
github.com/LCUstinian/FG-QiMen/internal/workspace/workspace.go:366.19,368.3 1 0
github.com/LCUstinian/FG-QiMen/internal/workspace/workspace.go:369.2,369.26 1 1
github.com/LCUstinian/FG-QiMen/main.go:20.13,21.38 1 0
github.com/LCUstinian/FG-QiMen/main.go:21.38,24.3 2 0
github.com/LCUstinian/FG-QiMen/internal/core/alive/cmd.go:52.33,54.2 1 6
github.com/LCUstinian/FG-QiMen/internal/core/alive/cmd.go:57.34,57.53 1 0
github.com/LCUstinian/FG-QiMen/internal/core/alive/cmd.go:60.36,60.59 1 0
github.com/LCUstinian/FG-QiMen/internal/core/alive/cmd.go:64.38,66.47 2 7
github.com/LCUstinian/FG-QiMen/internal/core/alive/cmd.go:66.47,68.3 1 0
github.com/LCUstinian/FG-QiMen/internal/core/alive/cmd.go:69.2,69.12 1 7
github.com/LCUstinian/FG-QiMen/internal/core/alive/cmd.go:87.96,97.20 2 23
github.com/LCUstinian/FG-QiMen/internal/core/alive/cmd.go:97.20,99.3 1 0
github.com/LCUstinian/FG-QiMen/internal/core/alive/cmd.go:100.2,100.40 1 23
github.com/LCUstinian/FG-QiMen/internal/core/alive/cmd.go:100.40,102.3 1 23
github.com/LCUstinian/FG-QiMen/internal/core/alive/cmd.go:104.2,106.31 3 23
github.com/LCUstinian/FG-QiMen/internal/core/alive/cmd.go:106.31,111.3 2 23
github.com/LCUstinian/FG-QiMen/internal/core/alive/cmd.go:111.8,117.3 3 0
github.com/LCUstinian/FG-QiMen/internal/core/alive/cmd.go:128.2,128.34 1 23
github.com/LCUstinian/FG-QiMen/internal/core/alive/cmd.go:128.34,130.3 1 5
github.com/LCUstinian/FG-QiMen/internal/core/alive/cmd.go:132.2,145.31 7 18
github.com/LCUstinian/FG-QiMen/internal/core/alive/cmd.go:145.31,147.40 2 18
github.com/LCUstinian/FG-QiMen/internal/core/alive/cmd.go:147.40,149.4 1 18
github.com/LCUstinian/FG-QiMen/internal/core/alive/cmd.go:151.2,151.16 1 18
github.com/LCUstinian/FG-QiMen/internal/core/alive/cmd.go:151.16,154.29 1 0
github.com/LCUstinian/FG-QiMen/internal/core/alive/cmd.go:154.29,156.4 1 0
github.com/LCUstinian/FG-QiMen/internal/core/alive/cmd.go:158.2,158.27 1 18
github.com/LCUstinian/FG-QiMen/internal/core/alive/cmd.go:158.27,166.3 1 0
github.com/LCUstinian/FG-QiMen/internal/core/alive/cmd.go:169.2,170.22 2 18
github.com/LCUstinian/FG-QiMen/internal/core/alive/cmd.go:170.22,172.3 1 18
github.com/LCUstinian/FG-QiMen/internal/core/alive/cmd.go:173.2,173.73 1 18
github.com/LCUstinian/FG-QiMen/internal/core/alive/discovery.go:55.31,63.2 2 1
github.com/LCUstinian/FG-QiMen/internal/core/alive/discovery.go:73.35,74.23 1 3
github.com/LCUstinian/FG-QiMen/internal/core/alive/discovery.go:74.23,76.3 1 0
github.com/LCUstinian/FG-QiMen/internal/core/alive/discovery.go:77.2,77.23 1 3
github.com/LCUstinian/FG-QiMen/internal/core/alive/discovery.go:77.23,79.3 1 0
github.com/LCUstinian/FG-QiMen/internal/core/alive/discovery.go:80.2,80.21 1 3
github.com/LCUstinian/FG-QiMen/internal/core/alive/discovery.go:80.21,82.3 1 0
github.com/LCUstinian/FG-QiMen/internal/core/alive/discovery.go:83.2,83.31 1 3
github.com/LCUstinian/FG-QiMen/internal/core/alive/discovery.go:90.47,92.34 2 3
github.com/LCUstinian/FG-QiMen/internal/core/alive/discovery.go:92.34,93.39 1 6
github.com/LCUstinian/FG-QiMen/internal/core/alive/discovery.go:93.39,95.4 1 6
github.com/LCUstinian/FG-QiMen/internal/core/alive/discovery.go:97.2,97.12 1 3
github.com/LCUstinian/FG-QiMen/internal/core/alive/discovery.go:123.50,127.2 3 1
github.com/LCUstinian/FG-QiMen/internal/core/alive/discovery.go:133.82,135.22 2 2
github.com/LCUstinian/FG-QiMen/internal/core/alive/discovery.go:135.22,137.3 1 0
github.com/LCUstinian/FG-QiMen/internal/core/alive/discovery.go:139.2,146.26 4 2
github.com/LCUstinian/FG-QiMen/internal/core/alive/discovery.go:146.26,148.3 1 2
github.com/LCUstinian/FG-QiMen/internal/core/alive/discovery.go:149.2,152.26 3 2
github.com/LCUstinian/FG-QiMen/internal/core/alive/discovery.go:152.26,154.3 1 2
github.com/LCUstinian/FG-QiMen/internal/core/alive/discovery.go:155.2,155.17 1 2
github.com/LCUstinian/FG-QiMen/internal/core/alive/discovery.go:155.17,157.3 1 0
github.com/LCUstinian/FG-QiMen/internal/core/alive/discovery.go:158.2,163.23 5 2
github.com/LCUstinian/FG-QiMen/internal/core/alive/discovery.go:163.23,164.23 1 2
github.com/LCUstinian/FG-QiMen/internal/core/alive/discovery.go:164.23,166.4 1 0
github.com/LCUstinian/FG-QiMen/internal/core/alive/discovery.go:167.3,167.10 1 2
github.com/LCUstinian/FG-QiMen/internal/core/alive/discovery.go:168.26,168.26 0 2
github.com/LCUstinian/FG-QiMen/internal/core/alive/discovery.go:169.21,170.28 1 0
github.com/LCUstinian/FG-QiMen/internal/core/alive/discovery.go:172.3,173.24 2 2
github.com/LCUstinian/FG-QiMen/internal/core/alive/discovery.go:173.24,175.17 2 2
github.com/LCUstinian/FG-QiMen/internal/core/alive/discovery.go:175.17,175.26 1 2
github.com/LCUstinian/FG-QiMen/internal/core/alive/discovery.go:177.4,179.18 3 2
github.com/LCUstinian/FG-QiMen/internal/core/alive/discovery.go:179.18,182.5 2 1
github.com/LCUstinian/FG-QiMen/internal/core/alive/discovery.go:186.4,188.26 3 1
github.com/LCUstinian/FG-QiMen/internal/core/alive/discovery.go:191.2,193.20 3 2
github.com/LCUstinian/FG-QiMen/internal/core/alive/discovery.go:201.93,202.27 1 2
github.com/LCUstinian/FG-QiMen/internal/core/alive/discovery.go:202.27,203.23 1 3
github.com/LCUstinian/FG-QiMen/internal/core/alive/discovery.go:203.23,205.4 1 0
github.com/LCUstinian/FG-QiMen/internal/core/alive/discovery.go:206.3,207.17 2 3
github.com/LCUstinian/FG-QiMen/internal/core/alive/discovery.go:207.17,209.4 1 1
github.com/LCUstinian/FG-QiMen/internal/core/alive/discovery.go:210.3,210.37 1 2
github.com/LCUstinian/FG-QiMen/internal/core/alive/discovery.go:210.37,211.12 1 2
github.com/LCUstinian/FG-QiMen/internal/core/alive/discovery.go:217.3,217.11 1 0
github.com/LCUstinian/FG-QiMen/internal/core/alive/discovery.go:219.2,219.30 1 1
github.com/LCUstinian/FG-QiMen/internal/core/alive/icmp.go:43.27,47.2 3 1
github.com/LCUstinian/FG-QiMen/internal/core/alive/icmp.go:50.35,50.52 1 0
github.com/LCUstinian/FG-QiMen/internal/core/alive/icmp.go:53.37,53.58 1 0
github.com/LCUstinian/FG-QiMen/internal/core/alive/icmp.go:61.39,63.16 2 1
github.com/LCUstinian/FG-QiMen/internal/core/alive/icmp.go:63.16,65.3 1 0
github.com/LCUstinian/FG-QiMen/internal/core/alive/icmp.go:66.2,67.12 2 1
github.com/LCUstinian/FG-QiMen/internal/core/alive/icmp.go:76.97,77.31 1 0
github.com/LCUstinian/FG-QiMen/internal/core/alive/icmp.go:77.32,85.3 0 0
github.com/LCUstinian/FG-QiMen/internal/core/alive/icmp.go:89.2,90.16 2 0
github.com/LCUstinian/FG-QiMen/internal/core/alive/icmp.go:90.16,92.3 1 0
github.com/LCUstinian/FG-QiMen/internal/core/alive/icmp.go:94.2,95.16 2 0
github.com/LCUstinian/FG-QiMen/internal/core/alive/icmp.go:95.16,97.3 1 0
github.com/LCUstinian/FG-QiMen/internal/core/alive/icmp.go:98.2,102.17 3 0
github.com/LCUstinian/FG-QiMen/internal/core/alive/icmp.go:102.17,104.3 1 0
github.com/LCUstinian/FG-QiMen/internal/core/alive/icmp.go:105.2,113.16 3 0
github.com/LCUstinian/FG-QiMen/internal/core/alive/icmp.go:113.16,115.3 1 0
github.com/LCUstinian/FG-QiMen/internal/core/alive/icmp.go:117.2,118.50 2 0
github.com/LCUstinian/FG-QiMen/internal/core/alive/icmp.go:118.50,120.3 1 0
github.com/LCUstinian/FG-QiMen/internal/core/alive/icmp.go:124.2,127.6 4 0
github.com/LCUstinian/FG-QiMen/internal/core/alive/icmp.go:127.6,128.23 1 0
github.com/LCUstinian/FG-QiMen/internal/core/alive/icmp.go:128.23,130.4 1 0
github.com/LCUstinian/FG-QiMen/internal/core/alive/icmp.go:131.3,131.33 1 0
github.com/LCUstinian/FG-QiMen/internal/core/alive/icmp.go:131.33,133.4 1 0
github.com/LCUstinian/FG-QiMen/internal/core/alive/icmp.go:134.3,135.17 2 0
github.com/LCUstinian/FG-QiMen/internal/core/alive/icmp.go:135.17,139.47 2 0
github.com/LCUstinian/FG-QiMen/internal/core/alive/icmp.go:139.47,141.5 1 0
github.com/LCUstinian/FG-QiMen/internal/core/alive/icmp.go:142.4,142.21 1 0
github.com/LCUstinian/FG-QiMen/internal/core/alive/icmp.go:144.3,145.17 2 0
github.com/LCUstinian/FG-QiMen/internal/core/alive/icmp.go:145.17,146.12 1 0
github.com/LCUstinian/FG-QiMen/internal/core/alive/icmp.go:148.3,148.40 1 0
github.com/LCUstinian/FG-QiMen/internal/core/alive/icmp.go:148.40,149.12 1 0
github.com/LCUstinian/FG-QiMen/internal/core/alive/icmp.go:153.3,153.60 1 0
github.com/LCUstinian/FG-QiMen/internal/core/alive/icmp.go:153.60,154.37 1 0
github.com/LCUstinian/FG-QiMen/internal/core/alive/icmp.go:154.37,162.5 1 0
github.com/LCUstinian/FG-QiMen/internal/core/alive/probe.go:121.32,125.2 3 0
github.com/LCUstinian/FG-QiMen/internal/core/alive/probe.go:132.36,138.2 5 1
github.com/LCUstinian/FG-QiMen/internal/core/alive/probe.go:161.37,165.2 3 3
github.com/LCUstinian/FG-QiMen/internal/core/alive/probe.go:172.41,178.2 5 1
github.com/LCUstinian/FG-QiMen/internal/core/alive/probes_init.go:21.13,28.2 3 1
github.com/LCUstinian/FG-QiMen/internal/core/alive/tcp.go:34.30,34.79 1 2
github.com/LCUstinian/FG-QiMen/internal/core/alive/tcp.go:38.50,42.2 3 5
github.com/LCUstinian/FG-QiMen/internal/core/alive/tcp.go:45.34,45.50 1 0
github.com/LCUstinian/FG-QiMen/internal/core/alive/tcp.go:48.36,48.56 1 0
github.com/LCUstinian/FG-QiMen/internal/core/alive/tcp.go:52.38,52.52 1 3
github.com/LCUstinian/FG-QiMen/internal/core/alive/tcp.go:58.96,60.21 2 5
github.com/LCUstinian/FG-QiMen/internal/core/alive/tcp.go:60.21,62.3 1 0
github.com/LCUstinian/FG-QiMen/internal/core/alive/tcp.go:63.2,64.29 2 5
github.com/LCUstinian/FG-QiMen/internal/core/alive/tcp.go:64.29,65.23 1 5
github.com/LCUstinian/FG-QiMen/internal/core/alive/tcp.go:65.23,67.4 1 1
github.com/LCUstinian/FG-QiMen/internal/core/alive/tcp.go:68.3,71.17 4 4
github.com/LCUstinian/FG-QiMen/internal/core/alive/tcp.go:71.17,73.12 1 2
github.com/LCUstinian/FG-QiMen/internal/core/alive/tcp.go:75.3,82.9 2 2
github.com/LCUstinian/FG-QiMen/internal/core/alive/tcp.go:84.2,84.30 1 2
github.com/LCUstinian/FG-QiMen/internal/plugins/adapted/web/http.go:37.34,37.58 1 0
github.com/LCUstinian/FG-QiMen/internal/plugins/adapted/web/http.go:39.13,39.50 1 0
github.com/LCUstinian/FG-QiMen/internal/plugins/adapted/web/http.go:68.68,70.3 1 0
github.com/LCUstinian/FG-QiMen/internal/plugins/adapted/web/http.go:74.36,74.53 1 0
github.com/LCUstinian/FG-QiMen/internal/plugins/adapted/web/http.go:77.36,77.85 1 0
github.com/LCUstinian/FG-QiMen/internal/plugins/adapted/web/http.go:82.43,82.74 1 0
github.com/LCUstinian/FG-QiMen/internal/plugins/adapted/web/http.go:93.89,98.33 2 0
github.com/LCUstinian/FG-QiMen/internal/plugins/adapted/web/http.go:98.33,100.3 1 0
github.com/LCUstinian/FG-QiMen/internal/plugins/adapted/web/http.go:102.2,104.16 3 0
github.com/LCUstinian/FG-QiMen/internal/plugins/adapted/web/http.go:104.16,106.3 1 0
github.com/LCUstinian/FG-QiMen/internal/plugins/adapted/web/http.go:107.2,111.16 4 0
github.com/LCUstinian/FG-QiMen/internal/plugins/adapted/web/http.go:111.16,113.3 1 0
github.com/LCUstinian/FG-QiMen/internal/plugins/adapted/web/http.go:114.2,125.55 5 0
github.com/LCUstinian/FG-QiMen/internal/plugins/adapted/web/http.go:125.55,127.3 1 0
github.com/LCUstinian/FG-QiMen/internal/plugins/adapted/web/http.go:128.2,128.50 1 0
github.com/LCUstinian/FG-QiMen/internal/plugins/adapted/web/http.go:128.50,131.18 3 0
github.com/LCUstinian/FG-QiMen/internal/plugins/adapted/web/http.go:131.18,133.4 1 0
github.com/LCUstinian/FG-QiMen/internal/plugins/adapted/web/http.go:136.2,142.3 1 0
github.com/LCUstinian/FG-QiMen/internal/plugins/adapted/web/http.go:147.34,149.13 2 0
github.com/LCUstinian/FG-QiMen/internal/plugins/adapted/web/http.go:149.13,151.3 1 0
github.com/LCUstinian/FG-QiMen/internal/plugins/adapted/web/http.go:152.2,154.22 3 0
github.com/LCUstinian/FG-QiMen/internal/plugins/adapted/web/http.go:154.22,155.54 1 0
github.com/LCUstinian/FG-QiMen/internal/plugins/adapted/web/http.go:155.54,156.18 1 0
github.com/LCUstinian/FG-QiMen/internal/plugins/adapted/web/http.go:156.18,159.5 2 0
github.com/LCUstinian/FG-QiMen/internal/plugins/adapted/web/http.go:160.4,160.12 1 0
github.com/LCUstinian/FG-QiMen/internal/plugins/adapted/web/http.go:162.3,163.20 2 0
github.com/LCUstinian/FG-QiMen/internal/plugins/adapted/web/http.go:165.2,165.19 1 0
github.com/LCUstinian/FG-QiMen/internal/plugins/adapted/web/http.go:173.111,175.2 1 0
